[0.010s] Invoking command in '/home/usama/autoronto/coding_test/build/coding_challenge': CMAKE_PREFIX_PATH=/opt/ros/foxy /usr/bin/cmake --build /home/usama/autoronto/coding_test/build/coding_challenge -- -j8 -l8
[0.060s] [35m[1mScanning dependencies of target listener[0m
[0.071s] [ 50%] Built target talker
[0.078s] [ 75%] [32mBuilding CXX object CMakeFiles/listener.dir/src/subscriber_member_function.cpp.o[0m
[0.145s] [01m[K/home/usama/autoronto/coding_test/src/coding_challenge/src/subscriber_member_function.cpp:26:10:[m[K [01;31m[Kfatal error: [m[Kstd_msgs/msg/Int8.h: No such file or directory
[0.145s]    26 | #include [01;31m[K<std_msgs/msg/Int8.h>[m[K
[0.145s]       |          [01;31m[K^~~~~~~~~~~~~~~~~~~~~[m[K
[0.145s] compilation terminated.
[0.147s] make[2]: *** [CMakeFiles/listener.dir/build.make:63: CMakeFiles/listener.dir/src/subscriber_member_function.cpp.o] Error 1
[0.147s] make[1]: *** [CMakeFiles/Makefile2:80: CMakeFiles/listener.dir/all] Error 2
[0.147s] make: *** [Makefile:141: all] Error 2
[0.154s] Invoked command in '/home/usama/autoronto/coding_test/build/coding_challenge' returned '2': CMAKE_PREFIX_PATH=/opt/ros/foxy /usr/bin/cmake --build /home/usama/autoronto/coding_test/build/coding_challenge -- -j8 -l8
