[0.016s] Invoking command in '/home/usama/autoronto/coding_test/build/coding_challenge': CMAKE_PREFIX_PATH=/opt/ros/foxy /usr/bin/cmake --build /home/usama/autoronto/coding_test/build/coding_challenge -- -j8 -l8
[0.046s] [35m[1mScanning dependencies of target listener[0m
[0.057s] [ 50%] Built target talker
[0.064s] [ 75%] [32mBuilding CXX object CMakeFiles/listener.dir/src/subscriber_member_function.cpp.o[0m
[1.004s] [01m[K/home/usama/autoronto/coding_test/src/coding_challenge/src/subscriber_member_function.cpp:53:31:[m[K [01;31m[Kerror: [m[Kâ€˜[01m[KInt8MultiArray[m[Kâ€™ is not a member of â€˜[01m[Kstd_msgs[m[Kâ€™
[1.004s]    53 |   rclcpp::Publisher<std_msgs::[01;31m[KInt8MultiArray[m[K>::SharedPtr publisher_;
[1.004s]       |                               [01;31m[K^~~~~~~~~~~~~~[m[K
[1.004s] [01m[K/home/usama/autoronto/coding_test/src/coding_challenge/src/subscriber_member_function.cpp:53:31:[m[K [01;31m[Kerror: [m[Kâ€˜[01m[KInt8MultiArray[m[Kâ€™ is not a member of â€˜[01m[Kstd_msgs[m[Kâ€™
[1.004s] [01m[K/home/usama/autoronto/coding_test/src/coding_challenge/src/subscriber_member_function.cpp:53:45:[m[K [01;31m[Kerror: [m[Ktemplate argument 1 is invalid
[1.004s]    53 |   rclcpp::Publisher<std_msgs::Int8MultiArray[01;31m[K>[m[K::SharedPtr publisher_;
[1.004s]       |                                             [01;31m[K^[m[K
[1.004s] [01m[K/home/usama/autoronto/coding_test/src/coding_challenge/src/subscriber_member_function.cpp:53:48:[m[K [01;31m[Kerror: [m[Kexpected â€˜[01m[K;[m[Kâ€™ at end of member declaration
[1.004s]    53 |   rclcpp::Publisher<std_msgs::Int8MultiArray>::[01;31m[KSharedPtr[m[K publisher_;
[1.005s]       |                                                [01;31m[K^~~~~~~~~[m[K
[1.005s]       |                                                         [32m[K;[m[K
[1.005s] [01m[K/home/usama/autoronto/coding_test/src/coding_challenge/src/subscriber_member_function.cpp:53:58:[m[K [01;31m[Kerror: [m[Kâ€˜[01m[Kpublisher_[m[Kâ€™ does not name a type; did you mean â€˜[01m[Krcl_publisher_t[m[Kâ€™?
[1.005s]    53 |   rclcpp::Publisher<std_msgs::Int8MultiArray>::SharedPtr [01;31m[Kpublisher_[m[K;
[1.006s]       |                                                          [01;31m[K^~~~~~~~~~[m[K
[1.006s]       |                                                          [32m[Krcl_publisher_t[m[K
[1.008s] [01m[K/home/usama/autoronto/coding_test/src/coding_challenge/src/subscriber_member_function.cpp:56:41:[m[K [01;31m[Kerror: [m[Kâ€˜[01m[KInt8MultiArray[m[Kâ€™ is not a member of â€˜[01m[Kstd_msgs[m[Kâ€™
[1.008s]    56 |   message_filters::Subscriber<std_msgs::[01;31m[KInt8MultiArray[m[K> array_sub_;
[1.009s]       |                                         [01;31m[K^~~~~~~~~~~~~~[m[K
[1.009s] [01m[K/home/usama/autoronto/coding_test/src/coding_challenge/src/subscriber_member_function.cpp:56:41:[m[K [01;31m[Kerror: [m[Kâ€˜[01m[KInt8MultiArray[m[Kâ€™ is not a member of â€˜[01m[Kstd_msgs[m[Kâ€™
[1.009s] [01m[K/home/usama/autoronto/coding_test/src/coding_challenge/src/subscriber_member_function.cpp:56:55:[m[K [01;31m[Kerror: [m[Ktemplate argument 1 is invalid
[1.009s]    56 |   message_filters::Subscriber<std_msgs::Int8MultiArray[01;31m[K>[m[K array_sub_;
[1.009s]       |                                                       [01;31m[K^[m[K
[1.009s] [01m[K/home/usama/autoronto/coding_test/src/coding_challenge/src/subscriber_member_function.cpp:57:41:[m[K [01;31m[Kerror: [m[Kâ€˜[01m[KInt8[m[Kâ€™ is not a member of â€˜[01m[Kstd_msgs[m[Kâ€™
[1.009s]    57 |   message_filters::Subscriber<std_msgs::[01;31m[KInt8[m[K> target_sub_;
[1.009s]       |                                         [01;31m[K^~~~[m[K
[1.009s] [01m[K/home/usama/autoronto/coding_test/src/coding_challenge/src/subscriber_member_function.cpp:57:41:[m[K [01;31m[Kerror: [m[Kâ€˜[01m[KInt8[m[Kâ€™ is not a member of â€˜[01m[Kstd_msgs[m[Kâ€™
[1.009s] [01m[K/home/usama/autoronto/coding_test/src/coding_challenge/src/subscriber_member_function.cpp:57:45:[m[K [01;31m[Kerror: [m[Ktemplate argument 1 is invalid
[1.009s]    57 |   message_filters::Subscriber<std_msgs::Int8[01;31m[K>[m[K target_sub_;
[1.009s]       |                                             [01;31m[K^[m[K
[1.009s] [01m[K/home/usama/autoronto/coding_test/src/coding_challenge/src/subscriber_member_function.cpp:69:33:[m[K [01;31m[Kerror: [m[Kâ€˜[01m[KInt8MultiArray[m[Kâ€™ in namespace â€˜[01m[Kstd_msgs[m[Kâ€™ does not name a type
[1.009s]    69 |   void callback(const std_msgs::[01;31m[KInt8MultiArray[m[K array_msg, const std_msgs::Int8 target_msg)
[1.009s]       |                                 [01;31m[K^~~~~~~~~~~~~~[m[K
[1.011s] [01m[K/home/usama/autoronto/coding_test/src/coding_challenge/src/subscriber_member_function.cpp:69:75:[m[K [01;31m[Kerror: [m[Kâ€˜[01m[KInt8[m[Kâ€™ in namespace â€˜[01m[Kstd_msgs[m[Kâ€™ does not name a type
[1.011s]    69 |   void callback(const std_msgs::Int8MultiArray array_msg, const std_msgs::[01;31m[KInt8[m[K target_msg)
[1.011s]       |                                                                           [01;31m[K^~~~[m[K
[1.011s] [01m[K/home/usama/autoronto/coding_test/src/coding_challenge/src/subscriber_member_function.cpp:[m[K In constructor â€˜[01m[KMinimalSubscriber::MinimalSubscriber()[m[Kâ€™:
[1.011s] [01m[K/home/usama/autoronto/coding_test/src/coding_challenge/src/subscriber_member_function.cpp:37:16:[m[K [01;31m[Kerror: [m[Krequest for member â€˜[01m[Ksubscribe[m[Kâ€™ in â€˜[01m[K((MinimalSubscriber*)this)->MinimalSubscriber::array_sub_[m[Kâ€™, which is of non-class type â€˜[01m[Kint[m[Kâ€™
[1.011s]    37 |     array_sub_.[01;31m[Ksubscribe[m[K(this,"/input",10);
[1.011s]       |                [01;31m[K^~~~~~~~~[m[K
[1.011s] [01m[K/home/usama/autoronto/coding_test/src/coding_challenge/src/subscriber_member_function.cpp:38:17:[m[K [01;31m[Kerror: [m[Krequest for member â€˜[01m[Ksubscribe[m[Kâ€™ in â€˜[01m[K((MinimalSubscriber*)this)->MinimalSubscriber::target_sub_[m[Kâ€™, which is of non-class type â€˜[01m[Kint[m[Kâ€™
[1.011s]    38 |     target_sub_.[01;31m[Ksubscribe[m[K(this,"/target",10);
[1.011s]       |                 [01;31m[K^~~~~~~~~[m[K
[1.011s] [01m[K/home/usama/autoronto/coding_test/src/coding_challenge/src/subscriber_member_function.cpp:40:45:[m[K [01;31m[Kerror: [m[Kâ€˜[01m[KApproximateTime[m[Kâ€™ in namespace â€˜[01m[Kmessage_filters::sync_policies[m[Kâ€™ does not name a template type
[1.011s]    40 |     typedef message_filters::sync_policies::[01;31m[KApproximateTime[m[K<std_msgs::Int8MultiArray, std_msgs::Int8> approximate_policy;
[1.012s]       |                                             [01;31m[K^~~~~~~~~~~~~~~[m[K
[1.013s] [01m[K/home/usama/autoronto/coding_test/src/coding_challenge/src/subscriber_member_function.cpp:41:35:[m[K [01;31m[Kerror: [m[Kâ€˜[01m[Kapproximate_policy[m[Kâ€™ was not declared in this scope
[1.013s]    41 |     message_filters::Synchronizer<[01;31m[Kapproximate_policy[m[K>syncApproximate(approximate_policy(10), array_sub_, target_sub_);
[1.013s]       |                                   [01;31m[K^~~~~~~~~~~~~~~~~~[m[K
[1.013s] [01m[K/home/usama/autoronto/coding_test/src/coding_challenge/src/subscriber_member_function.cpp:41:53:[m[K [01;31m[Kerror: [m[Ktemplate argument 1 is invalid
[1.013s]    41 |     message_filters::Synchronizer<approximate_policy[01;31m[K>[m[KsyncApproximate(approximate_policy(10), array_sub_, target_sub_);
[1.013s]       |                                                     [01;31m[K^[m[K
[1.013s] [01m[K/home/usama/autoronto/coding_test/src/coding_challenge/src/subscriber_member_function.cpp:41:117:[m[K [01;31m[Kerror: [m[Kexpression list treated as compound expression in initializer [[01;31m[K-fpermissive[m[K]
[1.013s]    41 |     message_filters::Synchronizer<approximate_policy>syncApproximate(approximate_policy(10), array_sub_, target_sub_[01;31m[K)[m[K;
[1.013s]       |                                                                                                                     [01;31m[K^[m[K
[1.013s] [01m[K/home/usama/autoronto/coding_test/src/coding_challenge/src/subscriber_member_function.cpp:43:21:[m[K [01;31m[Kerror: [m[Krequest for member â€˜[01m[KregisterCallback[m[Kâ€™ in â€˜[01m[KsyncApproximate[m[Kâ€™, which is of non-class type â€˜[01m[Kint[m[Kâ€™
[1.013s]    43 |     syncApproximate.[01;31m[KregisterCallback[m[K(&MinimalSubscriber::callback,this);
[1.013s]       |                     [01;31m[K^~~~~~~~~~~~~~~~[m[K
[1.014s] [01m[K/home/usama/autoronto/coding_test/src/coding_challenge/src/subscriber_member_function.cpp:45:5:[m[K [01;31m[Kerror: [m[Kâ€˜[01m[Kpublisher_[m[Kâ€™ was not declared in this scope; did you mean â€˜[01m[Krcl_publisher_t[m[Kâ€™?
[1.015s]    45 |     [01;31m[Kpublisher_[m[K = this->create_publisher<std_msgs::Int8MultiArray>("/solution", 10);
[1.016s]       |     [01;31m[K^~~~~~~~~~[m[K
[1.016s]       |     [32m[Krcl_publisher_t[m[K
[1.016s] [01m[K/home/usama/autoronto/coding_test/src/coding_challenge/src/subscriber_member_function.cpp:45:51:[m[K [01;31m[Kerror: [m[Kâ€˜[01m[KInt8MultiArray[m[Kâ€™ is not a member of â€˜[01m[Kstd_msgs[m[Kâ€™
[1.016s]    45 |     publisher_ = this->create_publisher<std_msgs::[01;31m[KInt8MultiArray[m[K>("/solution", 10);
[1.016s]       |                                                   [01;31m[K^~~~~~~~~~~~~~[m[K
[1.016s] [01m[K/home/usama/autoronto/coding_test/src/coding_challenge/src/subscriber_member_function.cpp:45:51:[m[K [01;31m[Kerror: [m[Kâ€˜[01m[KInt8MultiArray[m[Kâ€™ is not a member of â€˜[01m[Kstd_msgs[m[Kâ€™
[1.016s] [01m[K/home/usama/autoronto/coding_test/src/coding_challenge/src/subscriber_member_function.cpp:45:82:[m[K [01;31m[Kerror: [m[Kno matching function for call to â€˜[01m[KMinimalSubscriber::create_publisher<<expression error> >(const char [10], int)[m[Kâ€™
[1.016s]    45 |     publisher_ = this->create_publisher<std_msgs::Int8MultiArray>("/solution", 10[01;31m[K)[m[K;
[1.017s]       |                                                                                  [01;31m[K^[m[K
[1.017s] In file included from [01m[K/opt/ros/foxy/include/rclcpp/executors/single_threaded_executor.hpp:28[m[K,
[1.017s]                  from [01m[K/opt/ros/foxy/include/rclcpp/executors.hpp:22[m[K,
[1.017s]                  from [01m[K/opt/ros/foxy/include/rclcpp/rclcpp.hpp:146[m[K,
[1.017s]                  from [01m[K/opt/ros/foxy/include/message_filters/subscriber.h:38[m[K,
[1.017s]                  from [01m[K/home/usama/autoronto/coding_test/src/coding_challenge/src/subscriber_member_function.cpp:20[m[K:
[1.017s] [01m[K/opt/ros/foxy/include/rclcpp/node.hpp:184:3:[m[K [01;36m[Knote: [m[Kcandidate: â€˜[01m[Ktemplate<class MessageT, class AllocatorT, class PublisherT> std::shared_ptr<PublisherT> rclcpp::Node::create_publisher(const string&, const rclcpp::QoS&, const rclcpp::PublisherOptionsWithAllocator<AllocatorT>&)[m[Kâ€™
[1.017s]   184 |   [01;36m[Kcreate_publisher[m[K(
[1.017s]       |   [01;36m[K^~~~~~~~~~~~~~~~[m[K
[1.017s] [01m[K/opt/ros/foxy/include/rclcpp/node.hpp:184:3:[m[K [01;36m[Knote: [m[K  template argument deduction/substitution failed:
[1.017s] [01m[K/home/usama/autoronto/coding_test/src/coding_challenge/src/subscriber_member_function.cpp:45:82:[m[K [01;31m[Kerror: [m[Ktemplate argument 1 is invalid
[1.017s]    45 |     publisher_ = this->create_publisher<std_msgs::Int8MultiArray>("/solution", 10[01;31m[K)[m[K;
[1.017s]       |                                                                                  [01;31m[K^[m[K
[1.017s] [01m[K/home/usama/autoronto/coding_test/src/coding_challenge/src/subscriber_member_function.cpp:47:7:[m[K [01;31m[Kerror: [m[Kunable to find numeric literal operator â€˜[01m[Koperator""ms[m[Kâ€™
[1.017s]    47 |       [01;31m[K500ms[m[K, std::bind(&MinimalSubscriber::timer_callback, this));
[1.017s]       |       [01;31m[K^~~~~[m[K
[1.021s] [01m[K/home/usama/autoronto/coding_test/src/coding_challenge/src/subscriber_member_function.cpp:[m[K In member function â€˜[01m[Kvoid MinimalSubscriber::timer_callback()[m[Kâ€™:
[1.021s] [01m[K/home/usama/autoronto/coding_test/src/coding_challenge/src/subscriber_member_function.cpp:61:15:[m[K [01;31m[Kerror: [m[Kâ€˜[01m[KInt8MultiArray[m[Kâ€™ is not a member of â€˜[01m[Kstd_msgs[m[Kâ€™
[1.021s]    61 |     std_msgs::[01;31m[KInt8MultiArray[m[K message;
[1.021s]       |               [01;31m[K^~~~~~~~~~~~~~[m[K
[1.022s] [01m[K/home/usama/autoronto/coding_test/src/coding_challenge/src/subscriber_member_function.cpp:62:5:[m[K [01;31m[Kerror: [m[Kâ€˜[01m[Kmessage[m[Kâ€™ was not declared in this scope
[1.022s]    62 |     [01;31m[Kmessage[m[K.data.clear();
[1.022s]       |     [01;31m[K^~~~~~~[m[K
[1.023s] [01m[K/home/usama/autoronto/coding_test/src/coding_challenge/src/subscriber_member_function.cpp:66:5:[m[K [01;31m[Kerror: [m[Kâ€˜[01m[Kpublisher_[m[Kâ€™ was not declared in this scope; did you mean â€˜[01m[Krcl_publisher_t[m[Kâ€™?
[1.024s]    66 |     [01;31m[Kpublisher_[m[K->publish(message);
[1.024s]       |     [01;31m[K^~~~~~~~~~[m[K
[1.024s]       |     [32m[Krcl_publisher_t[m[K
[1.024s] [01m[K/home/usama/autoronto/coding_test/src/coding_challenge/src/subscriber_member_function.cpp:[m[K In member function â€˜[01m[Kvoid MinimalSubscriber::callback(int, int)[m[Kâ€™:
[1.024s] [01m[K/home/usama/autoronto/coding_test/src/coding_challenge/src/subscriber_member_function.cpp:71:5:[m[K [01;31m[Kerror: [m[Kâ€˜[01m[Kunordered_map[m[Kâ€™ was not declared in this scope; did you mean â€˜[01m[Kstd::unordered_map[m[Kâ€™?
[1.024s]    71 |     [01;31m[Kunordered_map[m[K<int,int> map;
[1.024s]       |     [01;31m[K^~~~~~~~~~~~~[m[K
[1.024s]       |     [32m[Kstd::unordered_map[m[K
[1.024s] In file included from [01m[K/usr/include/c++/9/unordered_map:47[m[K,
[1.024s]                  from [01m[K/home/usama/autoronto/coding_test/src/coding_challenge/src/subscriber_member_function.cpp:17[m[K:
[1.025s] [01m[K/usr/include/c++/9/bits/unordered_map.h:102:11:[m[K [01;36m[Knote: [m[Kâ€˜[01m[Kstd::unordered_map[m[Kâ€™ declared here
[1.025s]   102 |     class [01;36m[Kunordered_map[m[K
[1.025s]       |           [01;36m[K^~~~~~~~~~~~~[m[K
[1.025s] [01m[K/home/usama/autoronto/coding_test/src/coding_challenge/src/subscriber_member_function.cpp:71:19:[m[K [01;31m[Kerror: [m[Kexpected primary-expression before â€˜[01m[Kint[m[Kâ€™
[1.025s]    71 |     unordered_map<[01;31m[Kint[m[K,int> map;
[1.025s]       |                   [01;31m[K^~~[m[K
[1.025s] [01m[K/home/usama/autoronto/coding_test/src/coding_challenge/src/subscriber_member_function.cpp:73:41:[m[K [01;31m[Kerror: [m[Kbase operand of â€˜[01m[K->[m[Kâ€™ is not a pointer
[1.025s]    73 |     int8_t array_size = sizeof(array_msg[01;31m[K->[m[Kdata) / sizeof(array_msg->data[0]);
[1.025s]       |                                         [01;31m[K^~[m[K
[1.025s] [01m[K/home/usama/autoronto/coding_test/src/coding_challenge/src/subscriber_member_function.cpp:73:67:[m[K [01;31m[Kerror: [m[Kbase operand of â€˜[01m[K->[m[Kâ€™ is not a pointer
[1.025s]    73 |     int8_t array_size = sizeof(array_msg->data) / sizeof(array_msg[01;31m[K->[m[Kdata[0]);
[1.025s]       |                                                                   [01;31m[K^~[m[K
[1.025s] [01m[K/home/usama/autoronto/coding_test/src/coding_challenge/src/subscriber_member_function.cpp:76:31:[m[K [01;31m[Kerror: [m[Kbase operand of â€˜[01m[K->[m[Kâ€™ is not a pointer
[1.025s]    76 |       int8_t temp = target_msg[01;31m[K->[m[Kdata - array_msg->data[i];
[1.025s]       |                               [01;31m[K^~[m[K
[1.025s] [01m[K/home/usama/autoronto/coding_test/src/coding_challenge/src/subscriber_member_function.cpp:76:49:[m[K [01;31m[Kerror: [m[Kbase operand of â€˜[01m[K->[m[Kâ€™ is not a pointer
[1.025s]    76 |       int8_t temp = target_msg->data - array_msg[01;31m[K->[m[Kdata[i];
[1.025s]       |                                                 [01;31m[K^~[m[K
[1.025s] [01m[K/home/usama/autoronto/coding_test/src/coding_challenge/src/subscriber_member_function.cpp:78:10:[m[K [01;31m[Kerror: [m[Kâ€˜[01m[Kmap[m[Kâ€™ was not declared in this scope; did you mean â€˜[01m[Kstd::map[m[Kâ€™?
[1.025s]    78 |       if([01;31m[Kmap[m[K.find(temp) != map.end()){
[1.025s]       |          [01;31m[K^~~[m[K
[1.025s]       |          [32m[Kstd::map[m[K
[1.025s] In file included from [01m[K/usr/include/c++/9/map:61[m[K,
[1.025s]                  from [01m[K/opt/ros/foxy/include/rclcpp/client.hpp:20[m[K,
[1.025s]                  from [01m[K/opt/ros/foxy/include/rclcpp/callback_group.hpp:23[m[K,
[1.025s]                  from [01m[K/opt/ros/foxy/include/rclcpp/any_executable.hpp:20[m[K,
[1.025s]                  from [01m[K/opt/ros/foxy/include/rclcpp/memory_strategy.hpp:24[m[K,
[1.025s]                  from [01m[K/opt/ros/foxy/include/rclcpp/memory_strategies.hpp:18[m[K,
[1.026s]                  from [01m[K/opt/ros/foxy/include/rclcpp/executor_options.hpp:20[m[K,
[1.026s]                  from [01m[K/opt/ros/foxy/include/rclcpp/executor.hpp:33[m[K,
[1.026s]                  from [01m[K/opt/ros/foxy/include/rclcpp/executors/multi_threaded_executor.hpp:26[m[K,
[1.026s]                  from [01m[K/opt/ros/foxy/include/rclcpp/executors.hpp:21[m[K,
[1.026s]                  from [01m[K/opt/ros/foxy/include/rclcpp/rclcpp.hpp:146[m[K,
[1.026s]                  from [01m[K/opt/ros/foxy/include/message_filters/subscriber.h:38[m[K,
[1.026s]                  from [01m[K/home/usama/autoronto/coding_test/src/coding_challenge/src/subscriber_member_function.cpp:20[m[K:
[1.026s] [01m[K/usr/include/c++/9/bits/stl_map.h:100:11:[m[K [01;36m[Knote: [m[Kâ€˜[01m[Kstd::map[m[Kâ€™ declared here
[1.026s]   100 |     class [01;36m[Kmap[m[K
[1.026s]       |           [01;36m[K^~~[m[K
[1.026s] [01m[K/home/usama/autoronto/coding_test/src/coding_challenge/src/subscriber_member_function.cpp:83:7:[m[K [01;31m[Kerror: [m[Kâ€˜[01m[Kmap[m[Kâ€™ was not declared in this scope; did you mean â€˜[01m[Kstd::map[m[Kâ€™?
[1.026s]    83 |       [01;31m[Kmap[m[K[temp] = i;
[1.027s]       |       [01;31m[K^~~[m[K
[1.027s]       |       [32m[Kstd::map[m[K
[1.027s] In file included from [01m[K/usr/include/c++/9/map:61[m[K,
[1.027s]                  from [01m[K/opt/ros/foxy/include/rclcpp/client.hpp:20[m[K,
[1.027s]                  from [01m[K/opt/ros/foxy/include/rclcpp/callback_group.hpp:23[m[K,
[1.027s]                  from [01m[K/opt/ros/foxy/include/rclcpp/any_executable.hpp:20[m[K,
[1.027s]                  from [01m[K/opt/ros/foxy/include/rclcpp/memory_strategy.hpp:24[m[K,
[1.027s]                  from [01m[K/opt/ros/foxy/include/rclcpp/memory_strategies.hpp:18[m[K,
[1.027s]                  from [01m[K/opt/ros/foxy/include/rclcpp/executor_options.hpp:20[m[K,
[1.027s]                  from [01m[K/opt/ros/foxy/include/rclcpp/executor.hpp:33[m[K,
[1.027s]                  from [01m[K/opt/ros/foxy/include/rclcpp/executors/multi_threaded_executor.hpp:26[m[K,
[1.027s]                  from [01m[K/opt/ros/foxy/include/rclcpp/executors.hpp:21[m[K,
[1.027s]                  from [01m[K/opt/ros/foxy/include/rclcpp/rclcpp.hpp:146[m[K,
[1.027s]                  from [01m[K/opt/ros/foxy/include/message_filters/subscriber.h:38[m[K,
[1.027s]                  from [01m[K/home/usama/autoronto/coding_test/src/coding_challenge/src/subscriber_member_function.cpp:20[m[K:
[1.027s] [01m[K/usr/include/c++/9/bits/stl_map.h:100:11:[m[K [01;36m[Knote: [m[Kâ€˜[01m[Kstd::map[m[Kâ€™ declared here
[1.027s]   100 |     class [01;36m[Kmap[m[K
[1.027s]       |           [01;36m[K^~~[m[K
[1.286s] make[2]: *** [CMakeFiles/listener.dir/build.make:63: CMakeFiles/listener.dir/src/subscriber_member_function.cpp.o] Error 1
[1.286s] make[1]: *** [CMakeFiles/Makefile2:80: CMakeFiles/listener.dir/all] Error 2
[1.286s] make: *** [Makefile:141: all] Error 2
[1.288s] Invoked command in '/home/usama/autoronto/coding_test/build/coding_challenge' returned '2': CMAKE_PREFIX_PATH=/opt/ros/foxy /usr/bin/cmake --build /home/usama/autoronto/coding_test/build/coding_challenge -- -j8 -l8
