[0.078s] Invoking command in '/home/usama/autoronto/coding_test/build/coding_challenge': CMAKE_PREFIX_PATH=/opt/ros/foxy /usr/bin/cmake --build /home/usama/autoronto/coding_test/build/coding_challenge -- -j8 -l8
[0.162s] [35m[1mScanning dependencies of target listener[0m
[0.209s] [ 50%] Built target talker
[0.215s] [ 75%] [32mBuilding CXX object CMakeFiles/listener.dir/src/subscriber_member_function.cpp.o[0m
[1.149s] [01m[K/home/usama/autoronto/coding_test/src/coding_challenge/src/subscriber_member_function.cpp:[m[K In constructor â€˜[01m[KMinimalSubscriber::MinimalSubscriber()[m[Kâ€™:
[1.150s] [01m[K/home/usama/autoronto/coding_test/src/coding_challenge/src/subscriber_member_function.cpp:47:5:[m[K [01;31m[Kerror: [m[Kâ€˜[01m[KTimeSynchronizer[m[Kâ€™ was not declared in this scope; did you mean â€˜[01m[Kmessage_filters::TimeSynchronizer[m[Kâ€™?
[1.150s]    47 |     [01;31m[KTimeSynchronizer[m[K<std_msgs::msg::Int8MultiArray, std_msgs::msg::Int8> sync(array_sub_, target_sub_, 10);
[1.150s]       |     [01;31m[K^~~~~~~~~~~~~~~~[m[K
[1.150s]       |     [32m[Kmessage_filters::TimeSynchronizer[m[K
[1.150s] In file included from [01m[K/home/usama/autoronto/coding_test/src/coding_challenge/src/subscriber_member_function.cpp:31[m[K:
[1.150s] [01m[K/opt/ros/foxy/include/message_filters/time_synchronizer.h:83:7:[m[K [01;36m[Knote: [m[Kâ€˜[01m[Kmessage_filters::TimeSynchronizer[m[Kâ€™ declared here
[1.150s]    83 | class [01;36m[KTimeSynchronizer[m[K : public Synchronizer<sync_policies::ExactTime<M0, M1, M2, M3, M4, M5, M6, M7, M8> >
[1.150s]       |       [01;36m[K^~~~~~~~~~~~~~~~[m[K
[1.150s] [01m[K/home/usama/autoronto/coding_test/src/coding_challenge/src/subscriber_member_function.cpp:47:51:[m[K [01;31m[Kerror: [m[Kexpected primary-expression before â€˜[01m[K,[m[Kâ€™ token
[1.150s]    47 |     TimeSynchronizer<std_msgs::msg::Int8MultiArray[01;31m[K,[m[K std_msgs::msg::Int8> sync(array_sub_, target_sub_, 10);
[1.150s]       |                                                   [01;31m[K^[m[K
[1.151s] [01m[K/home/usama/autoronto/coding_test/src/coding_challenge/src/subscriber_member_function.cpp:47:72:[m[K [01;31m[Kerror: [m[Kexpected primary-expression before â€˜[01m[K>[m[Kâ€™ token
[1.151s]    47 |     TimeSynchronizer<std_msgs::msg::Int8MultiArray, std_msgs::msg::Int8[01;31m[K>[m[K sync(array_sub_, target_sub_, 10);
[1.151s]       |                                                                        [01;31m[K^[m[K
[1.151s] [01m[K/home/usama/autoronto/coding_test/src/coding_challenge/src/subscriber_member_function.cpp:47:106:[m[K [01;31m[Kerror: [m[Ktoo many arguments to function â€˜[01m[Kvoid sync()[m[Kâ€™
[1.151s]    47 |     TimeSynchronizer<std_msgs::msg::Int8MultiArray, std_msgs::msg::Int8> sync(array_sub_, target_sub_, 10[01;31m[K)[m[K;
[1.151s]       |                                                                                                          [01;31m[K^[m[K
[1.151s] In file included from [01m[K/usr/include/boost/config/stdlib/libstdcpp3.hpp:78[m[K,
[1.151s]                  from [01m[K/usr/include/boost/config.hpp:49[m[K,
[1.151s]                  from [01m[K/usr/include/boost/bind/bind.hpp:24[m[K,
[1.151s]                  from [01m[K/usr/include/boost/bind.hpp:22[m[K,
[1.151s]                  from [01m[K/home/usama/autoronto/coding_test/src/coding_challenge/src/subscriber_member_function.cpp:30[m[K:
[1.151s] [01m[K/usr/include/unistd.h:970:13:[m[K [01;36m[Knote: [m[Kdeclared here
[1.151s]   970 | extern void [01;36m[Ksync[m[K (void) __THROW;
[1.152s]       |             [01;36m[K^~~~[m[K
[1.152s] [01m[K/home/usama/autoronto/coding_test/src/coding_challenge/src/subscriber_member_function.cpp:49:10:[m[K [01;31m[Kerror: [m[Krequest for member â€˜[01m[KregisterCallback[m[Kâ€™ in â€˜[01m[Ksync[m[Kâ€™, which is of non-class type â€˜[01m[Kvoid() throw ()[m[Kâ€™ {aka â€˜[01m[Kvoid()[m[Kâ€™}
[1.152s]    49 |     sync.[01;31m[KregisterCallback[m[K(std::bind(&MinimalSubscriber::callback,this,_1,_2));
[1.152s]       |          [01;31m[K^~~~~~~~~~~~~~~~[m[K
[2.534s] make[2]: *** [CMakeFiles/listener.dir/build.make:63: CMakeFiles/listener.dir/src/subscriber_member_function.cpp.o] Error 1
[2.534s] make[1]: *** [CMakeFiles/Makefile2:80: CMakeFiles/listener.dir/all] Error 2
[2.535s] make: *** [Makefile:141: all] Error 2
[2.541s] Invoked command in '/home/usama/autoronto/coding_test/build/coding_challenge' returned '2': CMAKE_PREFIX_PATH=/opt/ros/foxy /usr/bin/cmake --build /home/usama/autoronto/coding_test/build/coding_challenge -- -j8 -l8
