[0.011s] Invoking command in '/home/usama/autoronto/coding_test/build/coding_challenge': CMAKE_PREFIX_PATH=/opt/ros/foxy /usr/bin/cmake --build /home/usama/autoronto/coding_test/build/coding_challenge -- -j8 -l8
[0.046s] [35m[1mScanning dependencies of target listener[0m
[0.064s] [ 50%] Built target talker
[0.072s] [ 75%] [32mBuilding CXX object CMakeFiles/listener.dir/src/subscriber_member_function.cpp.o[0m
[1.124s] [01m[K/home/usama/autoronto/coding_test/src/coding_challenge/src/subscriber_member_function.cpp:58:23:[m[K [01;31m[Kerror: [m[Kâ€˜[01m[Kstd_msgs[m[Kâ€™ does not name a type
[1.127s]    58 |   void callback(const [01;31m[Kstd_msgs[m[K::msg::Int8MultiArray array_msg, const std_msgs::msg::Int8 target_msg)
[1.127s]       |                       [01;31m[K^~~~~~~~[m[K
[1.127s] [01m[K/home/usama/autoronto/coding_test/src/coding_challenge/src/subscriber_member_function.cpp:58:36:[m[K [01;31m[Kerror: [m[Kexpected unqualified-id before â€˜[01m[K::[m[Kâ€™ token
[1.127s]    58 |   void callback(const std_msgs::msg[01;31m[K::[m[KInt8MultiArray array_msg, const std_msgs::msg::Int8 target_msg)
[1.127s]       |                                    [01;31m[K^~[m[K
[1.127s] [01m[K/home/usama/autoronto/coding_test/src/coding_challenge/src/subscriber_member_function.cpp:58:36:[m[K [01;31m[Kerror: [m[Kexpected â€˜[01m[K)[m[Kâ€™ before â€˜[01m[K::[m[Kâ€™ token
[1.127s]    58 |   void callback[34m[K([m[Kconst std_msgs::msg[01;31m[K:[m[K[32m[K:[m[KInt8MultiArray array_msg, const std_msgs::msg::Int8 target_msg)
[1.127s]       |                [34m[K~[m[K                   [01;31m[K^[m[K[32m[K~[m[K
[1.127s]       |                                    [32m[K)[m[K
[1.127s] [01m[K/home/usama/autoronto/coding_test/src/coding_challenge/src/subscriber_member_function.cpp:58:33:[m[K [01;31m[Kerror: [m[Kexpected â€˜[01m[K;[m[Kâ€™ at end of member declaration
[1.127s]    58 |   void callback(const std_msgs::[01;31m[Kmsg[m[K::Int8MultiArray array_msg, const std_msgs::msg::Int8 target_msg)
[1.127s]       |                                 [01;31m[K^~~[m[K
[1.127s]       |                                    [32m[K;[m[K
[1.136s] [01m[K/home/usama/autoronto/coding_test/src/coding_challenge/src/subscriber_member_function.cpp:58:38:[m[K [01;31m[Kerror: [m[Kâ€˜[01m[KInt8MultiArray[m[Kâ€™ in namespace â€˜[01m[K::[m[Kâ€™ does not name a type
[1.136s]    58 |   void callback(const std_msgs::msg::[01;31m[KInt8MultiArray[m[K array_msg, const std_msgs::msg::Int8 target_msg)
[1.136s]       |                                      [01;31m[K^~~~~~~~~~~~~~[m[K
[1.136s] [01m[K/home/usama/autoronto/coding_test/src/coding_challenge/src/subscriber_member_function.cpp:77:21:[m[K [01;31m[Kerror: [m[Kâ€˜[01m[Kstd_msgs[m[Kâ€™ was not declared in this scope
[1.136s]    77 |   rclcpp::Publisher<[01;31m[Kstd_msgs[m[K::msg::Int8MultiArray>::SharedPtr publisher_;
[1.136s]       |                     [01;31m[K^~~~~~~~[m[K
[1.136s] [01m[K/home/usama/autoronto/coding_test/src/coding_challenge/src/subscriber_member_function.cpp:77:50:[m[K [01;31m[Kerror: [m[Ktemplate argument 1 is invalid
[1.136s]    77 |   rclcpp::Publisher<std_msgs::msg::Int8MultiArray[01;31m[K>[m[K::SharedPtr publisher_;
[1.136s]       |                                                  [01;31m[K^[m[K
[1.136s] [01m[K/home/usama/autoronto/coding_test/src/coding_challenge/src/subscriber_member_function.cpp:77:53:[m[K [01;31m[Kerror: [m[Kexpected â€˜[01m[K;[m[Kâ€™ at end of member declaration
[1.136s]    77 |   rclcpp::Publisher<std_msgs::msg::Int8MultiArray>::[01;31m[KSharedPtr[m[K publisher_;
[1.136s]       |                                                     [01;31m[K^~~~~~~~~[m[K
[1.136s]       |                                                              [32m[K;[m[K
[1.139s] [01m[K/home/usama/autoronto/coding_test/src/coding_challenge/src/subscriber_member_function.cpp:77:63:[m[K [01;31m[Kerror: [m[Kâ€˜[01m[Kpublisher_[m[Kâ€™ does not name a type; did you mean â€˜[01m[Krcl_publisher_t[m[Kâ€™?
[1.139s]    77 |   rclcpp::Publisher<std_msgs::msg::Int8MultiArray>::SharedPtr [01;31m[Kpublisher_[m[K;
[1.139s]       |                                                               [01;31m[K^~~~~~~~~~[m[K
[1.139s]       |                                                               [32m[Krcl_publisher_t[m[K
[1.167s] [01m[K/home/usama/autoronto/coding_test/src/coding_challenge/src/subscriber_member_function.cpp:80:31:[m[K [01;31m[Kerror: [m[Kâ€˜[01m[Kstd_msgs[m[Kâ€™ was not declared in this scope
[1.167s]    80 |   message_filters::Subscriber<[01;31m[Kstd_msgs[m[K::msg::Int8MultiArray> array_sub_;
[1.167s]       |                               [01;31m[K^~~~~~~~[m[K
[1.167s] [01m[K/home/usama/autoronto/coding_test/src/coding_challenge/src/subscriber_member_function.cpp:80:60:[m[K [01;31m[Kerror: [m[Ktemplate argument 1 is invalid
[1.167s]    80 |   message_filters::Subscriber<std_msgs::msg::Int8MultiArray[01;31m[K>[m[K array_sub_;
[1.167s]       |                                                            [01;31m[K^[m[K
[1.203s] [01m[K/home/usama/autoronto/coding_test/src/coding_challenge/src/subscriber_member_function.cpp:81:31:[m[K [01;31m[Kerror: [m[Kâ€˜[01m[Kstd_msgs[m[Kâ€™ was not declared in this scope
[1.203s]    81 |   message_filters::Subscriber<[01;31m[Kstd_msgs[m[K::msg::Int8> target_sub_;
[1.204s]       |                               [01;31m[K^~~~~~~~[m[K
[1.204s] [01m[K/home/usama/autoronto/coding_test/src/coding_challenge/src/subscriber_member_function.cpp:81:50:[m[K [01;31m[Kerror: [m[Ktemplate argument 1 is invalid
[1.204s]    81 |   message_filters::Subscriber<std_msgs::msg::Int8[01;31m[K>[m[K target_sub_;
[1.204s]       |                                                  [01;31m[K^[m[K
[1.204s] [01m[K/home/usama/autoronto/coding_test/src/coding_challenge/src/subscriber_member_function.cpp:[m[K In constructor â€˜[01m[KMinimalSubscriber::MinimalSubscriber()[m[Kâ€™:
[1.204s] [01m[K/home/usama/autoronto/coding_test/src/coding_challenge/src/subscriber_member_function.cpp:33:16:[m[K [01;31m[Kerror: [m[Krequest for member â€˜[01m[Ksubscribe[m[Kâ€™ in â€˜[01m[K((MinimalSubscriber*)this)->MinimalSubscriber::array_sub_[m[Kâ€™, which is of non-class type â€˜[01m[Kint[m[Kâ€™
[1.204s]    33 |     array_sub_.[01;31m[Ksubscribe[m[K(this,"/input",10);
[1.204s]       |                [01;31m[K^~~~~~~~~[m[K
[1.204s] [01m[K/home/usama/autoronto/coding_test/src/coding_challenge/src/subscriber_member_function.cpp:34:17:[m[K [01;31m[Kerror: [m[Krequest for member â€˜[01m[Ksubscribe[m[Kâ€™ in â€˜[01m[K((MinimalSubscriber*)this)->MinimalSubscriber::target_sub_[m[Kâ€™, which is of non-class type â€˜[01m[Kint[m[Kâ€™
[1.204s]    34 |     target_sub_.[01;31m[Ksubscribe[m[K(this,"/target",10);
[1.204s]       |                 [01;31m[K^~~~~~~~~[m[K
[1.204s] [01m[K/home/usama/autoronto/coding_test/src/coding_challenge/src/subscriber_member_function.cpp:36:45:[m[K [01;31m[Kerror: [m[Kâ€˜[01m[KApproximateTime[m[Kâ€™ in namespace â€˜[01m[Kmessage_filters::sync_policies[m[Kâ€™ does not name a template type
[1.206s]    36 |     typedef message_filters::sync_policies::[01;31m[KApproximateTime[m[K<std_msgs::msg::Int8MultiArray, std_msgs::msg::Int8> approximate_policy;
[1.206s]       |                                             [01;31m[K^~~~~~~~~~~~~~~[m[K
[1.206s] [01m[K/home/usama/autoronto/coding_test/src/coding_challenge/src/subscriber_member_function.cpp:37:35:[m[K [01;31m[Kerror: [m[Kâ€˜[01m[Kapproximate_policy[m[Kâ€™ was not declared in this scope
[1.206s]    37 |     message_filters::Synchronizer<[01;31m[Kapproximate_policy[m[K>syncApproximate(approximate_policy(10), array_sub_, target_sub_);
[1.206s]       |                                   [01;31m[K^~~~~~~~~~~~~~~~~~[m[K
[1.206s] [01m[K/home/usama/autoronto/coding_test/src/coding_challenge/src/subscriber_member_function.cpp:37:53:[m[K [01;31m[Kerror: [m[Ktemplate argument 1 is invalid
[1.206s]    37 |     message_filters::Synchronizer<approximate_policy[01;31m[K>[m[KsyncApproximate(approximate_policy(10), array_sub_, target_sub_);
[1.206s]       |                                                     [01;31m[K^[m[K
[1.206s] [01m[K/home/usama/autoronto/coding_test/src/coding_challenge/src/subscriber_member_function.cpp:37:117:[m[K [01;31m[Kerror: [m[Kexpression list treated as compound expression in initializer [[01;31m[K-fpermissive[m[K]
[1.206s]    37 |     message_filters::Synchronizer<approximate_policy>syncApproximate(approximate_policy(10), array_sub_, target_sub_[01;31m[K)[m[K;
[1.206s]       |                                                                                                                     [01;31m[K^[m[K
[1.206s] [01m[K/home/usama/autoronto/coding_test/src/coding_challenge/src/subscriber_member_function.cpp:39:21:[m[K [01;31m[Kerror: [m[Krequest for member â€˜[01m[KregisterCallback[m[Kâ€™ in â€˜[01m[KsyncApproximate[m[Kâ€™, which is of non-class type â€˜[01m[Kint[m[Kâ€™
[1.206s]    39 |     syncApproximate.[01;31m[KregisterCallback[m[K(&MinimalSubscriber::callback,this);
[1.207s]       |                     [01;31m[K^~~~~~~~~~~~~~~~[m[K
[1.207s] [01m[K/home/usama/autoronto/coding_test/src/coding_challenge/src/subscriber_member_function.cpp:41:5:[m[K [01;31m[Kerror: [m[Kâ€˜[01m[Kpublisher_[m[Kâ€™ was not declared in this scope; did you mean â€˜[01m[Krcl_publisher_t[m[Kâ€™?
[1.207s]    41 |     [01;31m[Kpublisher_[m[K = this->create_publisher<std_msgs::msg::Int8MultiArray>("/solution", 10);
[1.207s]       |     [01;31m[K^~~~~~~~~~[m[K
[1.207s]       |     [32m[Krcl_publisher_t[m[K
[1.207s] [01m[K/home/usama/autoronto/coding_test/src/coding_challenge/src/subscriber_member_function.cpp:41:41:[m[K [01;31m[Kerror: [m[Kâ€˜[01m[Kstd_msgs[m[Kâ€™ was not declared in this scope
[1.207s]    41 |     publisher_ = this->create_publisher<[01;31m[Kstd_msgs[m[K::msg::Int8MultiArray>("/solution", 10);
[1.207s]       |                                         [01;31m[K^~~~~~~~[m[K
[1.207s] [01m[K/home/usama/autoronto/coding_test/src/coding_challenge/src/subscriber_member_function.cpp:41:24:[m[K [01;31m[Kerror: [m[Kparse error in template argument list
[1.207s]    41 |     publisher_ = this->[01;31m[Kcreate_publisher<std_msgs::msg::Int8MultiArray>[m[K("/solution", 10);
[1.207s]       |                        [01;31m[K^~~~~~~~~~~~~~~~~~~~~~~~~~~~~~~~~~~~~~~~~~~~~~~[m[K
[1.207s] [01m[K/home/usama/autoronto/coding_test/src/coding_challenge/src/subscriber_member_function.cpp:41:87:[m[K [01;31m[Kerror: [m[Kno matching function for call to â€˜[01m[KMinimalSubscriber::create_publisher<<expression error> >(const char [10], int)[m[Kâ€™
[1.207s]    41 |     publisher_ = this->create_publisher<std_msgs::msg::Int8MultiArray>("/solution", 10[01;31m[K)[m[K;
[1.207s]       |                                                                                       [01;31m[K^[m[K
[1.207s] In file included from [01m[K/opt/ros/foxy/include/rclcpp/executors/single_threaded_executor.hpp:28[m[K,
[1.207s]                  from [01m[K/opt/ros/foxy/include/rclcpp/executors.hpp:22[m[K,
[1.207s]                  from [01m[K/opt/ros/foxy/include/rclcpp/rclcpp.hpp:146[m[K,
[1.207s]                  from [01m[K/opt/ros/foxy/include/message_filters/subscriber.h:38[m[K,
[1.207s]                  from [01m[K/home/usama/autoronto/coding_test/src/coding_challenge/src/subscriber_member_function.cpp:20[m[K:
[1.207s] [01m[K/opt/ros/foxy/include/rclcpp/node.hpp:184:3:[m[K [01;36m[Knote: [m[Kcandidate: â€˜[01m[Ktemplate<class MessageT, class AllocatorT, class PublisherT> std::shared_ptr<PublisherT> rclcpp::Node::create_publisher(const string&, const rclcpp::QoS&, const rclcpp::PublisherOptionsWithAllocator<AllocatorT>&)[m[Kâ€™
[1.207s]   184 |   [01;36m[Kcreate_publisher[m[K(
[1.207s]       |   [01;36m[K^~~~~~~~~~~~~~~~[m[K
[1.207s] [01m[K/opt/ros/foxy/include/rclcpp/node.hpp:184:3:[m[K [01;36m[Knote: [m[K  template argument deduction/substitution failed:
[1.207s] [01m[K/home/usama/autoronto/coding_test/src/coding_challenge/src/subscriber_member_function.cpp:41:87:[m[K [01;31m[Kerror: [m[Ktemplate argument 1 is invalid
[1.207s]    41 |     publisher_ = this->create_publisher<std_msgs::msg::Int8MultiArray>("/solution", 10[01;31m[K)[m[K;
[1.207s]       |                                                                                       [01;31m[K^[m[K
[1.207s] [01m[K/home/usama/autoronto/coding_test/src/coding_challenge/src/subscriber_member_function.cpp:43:7:[m[K [01;31m[Kerror: [m[Kunable to find numeric literal operator â€˜[01m[Koperator""ms[m[Kâ€™
[1.208s]    43 |       [01;31m[K500ms[m[K, std::bind(&MinimalSubscriber::timer_callback, this));
[1.208s]       |       [01;31m[K^~~~~[m[K
[1.208s] [01m[K/home/usama/autoronto/coding_test/src/coding_challenge/src/subscriber_member_function.cpp:[m[K In member function â€˜[01m[Kvoid MinimalSubscriber::timer_callback()[m[Kâ€™:
[1.208s] [01m[K/home/usama/autoronto/coding_test/src/coding_challenge/src/subscriber_member_function.cpp:50:5:[m[K [01;31m[Kerror: [m[Kâ€˜[01m[Kstd_msgs[m[Kâ€™ has not been declared
[1.208s]    50 |     [01;31m[Kstd_msgs[m[K::msg::Int8MultiArray message;
[1.208s]       |     [01;31m[K^~~~~~~~[m[K
[1.208s] [01m[K/home/usama/autoronto/coding_test/src/coding_challenge/src/subscriber_member_function.cpp:51:5:[m[K [01;31m[Kerror: [m[Kâ€˜[01m[Kmessage[m[Kâ€™ was not declared in this scope
[1.208s]    51 |     [01;31m[Kmessage[m[K.data.clear();
[1.208s]       |     [01;31m[K^~~~~~~[m[K
[1.208s] [01m[K/home/usama/autoronto/coding_test/src/coding_challenge/src/subscriber_member_function.cpp:55:5:[m[K [01;31m[Kerror: [m[Kâ€˜[01m[Kpublisher_[m[Kâ€™ was not declared in this scope; did you mean â€˜[01m[Krcl_publisher_t[m[Kâ€™?
[1.208s]    55 |     [01;31m[Kpublisher_[m[K->publish(message);
[1.208s]       |     [01;31m[K^~~~~~~~~~[m[K
[1.208s]       |     [32m[Krcl_publisher_t[m[K
[1.475s] make[2]: *** [CMakeFiles/listener.dir/build.make:63: CMakeFiles/listener.dir/src/subscriber_member_function.cpp.o] Error 1
[1.475s] make[1]: *** [CMakeFiles/Makefile2:80: CMakeFiles/listener.dir/all] Error 2
[1.475s] make: *** [Makefile:141: all] Error 2
[1.480s] Invoked command in '/home/usama/autoronto/coding_test/build/coding_challenge' returned '2': CMAKE_PREFIX_PATH=/opt/ros/foxy /usr/bin/cmake --build /home/usama/autoronto/coding_test/build/coding_challenge -- -j8 -l8
