[01m[K/home/usama/autoronto/coding_test/src/coding_challenge/src/subscriber_member_function.cpp:51:3:[m[K [01;31m[Kerror: [m[Kâ€˜[01m[Kros[m[Kâ€™ does not name a type; did you mean â€˜[01m[Kcos[m[Kâ€™?
   51 |   [01;31m[Kros[m[K::NodeHandle n;
      |   [01;31m[K^~~[m[K
      |   [32m[Kcos[m[K
[01m[K/home/usama/autoronto/coding_test/src/coding_challenge/src/subscriber_member_function.cpp:[m[K In constructor â€˜[01m[KMinimalSubscriber::MinimalSubscriber()[m[Kâ€™:
[01m[K/home/usama/autoronto/coding_test/src/coding_challenge/src/subscriber_member_function.cpp:37:26:[m[K [01;31m[Kerror: [m[Kâ€˜[01m[Kn[m[Kâ€™ was not declared in this scope; did you mean â€˜[01m[Kyn[m[Kâ€™?
   37 |     array_sub_.subscribe([01;31m[Kn[m[K,"/input",10);
      |                          [01;31m[K^[m[K
      |                          [32m[Kyn[m[K
[01m[K/home/usama/autoronto/coding_test/src/coding_challenge/src/subscriber_member_function.cpp:40:45:[m[K [01;31m[Kerror: [m[Kâ€˜[01m[KApproximateTime[m[Kâ€™ in namespace â€˜[01m[Kmessage_filters::sync_policies[m[Kâ€™ does not name a template type
   40 |     typedef message_filters::sync_policies::[01;31m[KApproximateTime[m[K<std_msgs::msg::Int8MultiArray, std_msgs::msg::Int8> approximate_policy;
      |                                             [01;31m[K^~~~~~~~~~~~~~~[m[K
[01m[K/home/usama/autoronto/coding_test/src/coding_challenge/src/subscriber_member_function.cpp:41:35:[m[K [01;31m[Kerror: [m[Kâ€˜[01m[Kapproximate_policy[m[Kâ€™ was not declared in this scope
   41 |     message_filters::Synchronizer<[01;31m[Kapproximate_policy[m[K>syncApproximate(approximate_policy(10), array_sub_, target_sub_);
      |                                   [01;31m[K^~~~~~~~~~~~~~~~~~[m[K
[01m[K/home/usama/autoronto/coding_test/src/coding_challenge/src/subscriber_member_function.cpp:41:53:[m[K [01;31m[Kerror: [m[Ktemplate argument 1 is invalid
   41 |     message_filters::Synchronizer<approximate_policy[01;31m[K>[m[KsyncApproximate(approximate_policy(10), array_sub_, target_sub_);
      |                                                     [01;31m[K^[m[K
[01m[K/home/usama/autoronto/coding_test/src/coding_challenge/src/subscriber_member_function.cpp:41:117:[m[K [01;31m[Kerror: [m[Kexpression list treated as compound expression in initializer [[01;31m[K-fpermissive[m[K]
   41 | s::Synchronizer<approximate_policy>syncApproximate(approximate_policy(10), array_sub_, target_sub_[01;31m[K)[m[K;
      |                                                                                                   [01;31m[K^[m[K

[01m[K/home/usama/autoronto/coding_test/src/coding_challenge/src/subscriber_member_function.cpp:43:21:[m[K [01;31m[Kerror: [m[Krequest for member â€˜[01m[KregisterCallback[m[Kâ€™ in â€˜[01m[KsyncApproximate[m[Kâ€™, which is of non-class type â€˜[01m[Kint[m[Kâ€™
   43 |     syncApproximate.[01;31m[KregisterCallback[m[K(&MinimalSubscriber::callback,this);
      |                     [01;31m[K^~~~~~~~~~~~~~~~[m[K
[01m[K/home/usama/autoronto/coding_test/src/coding_challenge/src/subscriber_member_function.cpp:47:7:[m[K [01;31m[Kerror: [m[Kunable to find numeric literal operator â€˜[01m[Koperator""ms[m[Kâ€™
   47 |       [01;31m[K500ms[m[K, std::bind(&MinimalSubscriber::timer_callback, this));
      |       [01;31m[K^~~~~[m[K
In file included from [01m[K/opt/ros/foxy/include/rclcpp/client.hpp:40[m[K,
                 from [01m[K/opt/ros/foxy/include/rclcpp/callback_group.hpp:23[m[K,
                 from [01m[K/opt/ros/foxy/include/rclcpp/any_executable.hpp:20[m[K,
                 from [01m[K/opt/ros/foxy/include/rclcpp/memory_strategy.hpp:24[m[K,
                 from [01m[K/opt/ros/foxy/include/rclcpp/memory_strategies.hpp:18[m[K,
                 from [01m[K/opt/ros/foxy/include/rclcpp/executor_options.hpp:20[m[K,
                 from [01m[K/opt/ros/foxy/include/rclcpp/executor.hpp:33[m[K,
                 from [01m[K/opt/ros/foxy/include/rclcpp/executors/multi_threaded_executor.hpp:26[m[K,
                 from [01m[K/opt/ros/foxy/include/rclcpp/executors.hpp:21[m[K,
                 from [01m[K/opt/ros/foxy/include/rclcpp/rclcpp.hpp:146[m[K,
                 from [01m[K/opt/ros/foxy/include/message_filters/subscriber.h:38[m[K,
                 from [01m[K/home/usama/autoronto/coding_test/src/coding_challenge/src/subscriber_member_function.cpp:20[m[K:
[01m[K/home/usama/autoronto/coding_test/src/coding_challenge/src/subscriber_member_function.cpp:[m[K In member function â€˜[01m[Kvoid MinimalSubscriber::timer_callback()[m[Kâ€™:
[01m[K/home/usama/autoronto/coding_test/src/coding_challenge/src/subscriber_member_function.cpp:65:70:[m[K [01;31m[Kerror: [m[Kâ€˜[01m[Kusing _data_type = class std::vector<signed char, std::allocator<signed char> >[m[Kâ€™ {aka â€˜[01m[Kclass std::vector<signed char, std::allocator<signed char> >[m[Kâ€™} has no member named â€˜[01m[Kc_str[m[Kâ€™
   65 |     RCLCPP_INFO(this->get_logger(), "Publishing: '%s'", message.data.[01;31m[Kc_str[m[K());
      |                                                                      [01;31m[K^~~~~[m[K
[01m[K/home/usama/autoronto/coding_test/src/coding_challenge/src/subscriber_member_function.cpp:[m[K In member function â€˜[01m[Kvoid MinimalSubscriber::callback(std_msgs::msg::Int8MultiArray, std_msgs::msg::Int8)[m[Kâ€™:
[01m[K/home/usama/autoronto/coding_test/src/coding_challenge/src/subscriber_member_function.cpp:71:5:[m[K [01;31m[Kerror: [m[Kâ€˜[01m[Kunordered_map[m[Kâ€™ was not declared in this scope; did you mean â€˜[01m[Kstd::unordered_map[m[Kâ€™?
   71 |     [01;31m[Kunordered_map[m[K<int,int> map;
      |     [01;31m[K^~~~~~~~~~~~~[m[K
      |     [32m[Kstd::unordered_map[m[K
In file included from [01m[K/usr/include/c++/9/unordered_map:47[m[K,
                 from [01m[K/home/usama/autoronto/coding_test/src/coding_challenge/src/subscriber_member_function.cpp:17[m[K:
[01m[K/usr/include/c++/9/bits/unordered_map.h:102:11:[m[K [01;36m[Knote: [m[Kâ€˜[01m[Kstd::unordered_map[m[Kâ€™ declared here
  102 |     class [01;36m[Kunordered_map[m[K
      |           [01;36m[K^~~~~~~~~~~~~[m[K
[01m[K/home/usama/autoronto/coding_test/src/coding_challenge/src/subscriber_member_function.cpp:71:19:[m[K [01;31m[Kerror: [m[Kexpected primary-expression before â€˜[01m[Kint[m[Kâ€™
   71 |     unordered_map<[01;31m[Kint[m[K,int> map;
      |                   [01;31m[K^~~[m[K
[01m[K/home/usama/autoronto/coding_test/src/coding_challenge/src/subscriber_member_function.cpp:73:41:[m[K [01;31m[Kerror: [m[Kbase operand of â€˜[01m[K->[m[Kâ€™ has non-pointer type â€˜[01m[Kconst Int8MultiArray[m[Kâ€™ {aka â€˜[01m[Kconst std_msgs::msg::Int8MultiArray_<std::allocator<void> >[m[Kâ€™}
   73 |     int8_t array_size = sizeof(array_msg[01;31m[K->[m[Kdata) / sizeof(array_msg->data[0]);
      |                                         [01;31m[K^~[m[K
[01m[K/home/usama/autoronto/coding_test/src/coding_challenge/src/subscriber_member_function.cpp:73:67:[m[K [01;31m[Kerror: [m[Kbase operand of â€˜[01m[K->[m[Kâ€™ has non-pointer type â€˜[01m[Kconst Int8MultiArray[m[Kâ€™ {aka â€˜[01m[Kconst std_msgs::msg::Int8MultiArray_<std::allocator<void> >[m[Kâ€™}
   73 |     int8_t array_size = sizeof(array_msg->data) / sizeof(array_msg[01;31m[K->[m[Kdata[0]);
      |                                                                   [01;31m[K^~[m[K
[01m[K/home/usama/autoronto/coding_test/src/coding_challenge/src/subscriber_member_function.cpp:76:31:[m[K [01;31m[Kerror: [m[Kbase operand of â€˜[01m[K->[m[Kâ€™ has non-pointer type â€˜[01m[Kconst Int8[m[Kâ€™ {aka â€˜[01m[Kconst std_msgs::msg::Int8_<std::allocator<void> >[m[Kâ€™}
   76 |       int8_t temp = target_msg[01;31m[K->[m[Kdata - array_msg->data[i];
      |                               [01;31m[K^~[m[K
[01m[K/home/usama/autoronto/coding_test/src/coding_challenge/src/subscriber_member_function.cpp:76:49:[m[K [01;31m[Kerror: [m[Kbase operand of â€˜[01m[K->[m[Kâ€™ has non-pointer type â€˜[01m[Kconst Int8MultiArray[m[Kâ€™ {aka â€˜[01m[Kconst std_msgs::msg::Int8MultiArray_<std::allocator<void> >[m[Kâ€™}
   76 |       int8_t temp = target_msg->data - array_msg[01;31m[K->[m[Kdata[i];
      |                                                 [01;31m[K^~[m[K
[01m[K/home/usama/autoronto/coding_test/src/coding_challenge/src/subscriber_member_function.cpp:78:10:[m[K [01;31m[Kerror: [m[Kâ€˜[01m[Kmap[m[Kâ€™ was not declared in this scope; did you mean â€˜[01m[Kstd::map[m[Kâ€™?
   78 |       if([01;31m[Kmap[m[K.find(temp) != map.end()){
      |          [01;31m[K^~~[m[K
      |          [32m[Kstd::map[m[K
In file included from [01m[K/usr/include/c++/9/map:61[m[K,
                 from [01m[K/opt/ros/foxy/include/rclcpp/client.hpp:20[m[K,
                 from [01m[K/opt/ros/foxy/include/rclcpp/callback_group.hpp:23[m[K,
                 from [01m[K/opt/ros/foxy/include/rclcpp/any_executable.hpp:20[m[K,
                 from [01m[K/opt/ros/foxy/include/rclcpp/memory_strategy.hpp:24[m[K,
                 from [01m[K/opt/ros/foxy/include/rclcpp/memory_strategies.hpp:18[m[K,
                 from [01m[K/opt/ros/foxy/include/rclcpp/executor_options.hpp:20[m[K,
                 from [01m[K/opt/ros/foxy/include/rclcpp/executor.hpp:33[m[K,
                 from [01m[K/opt/ros/foxy/include/rclcpp/executors/multi_threaded_executor.hpp:26[m[K,
                 from [01m[K/opt/ros/foxy/include/rclcpp/executors.hpp:21[m[K,
                 from [01m[K/opt/ros/foxy/include/rclcpp/rclcpp.hpp:146[m[K,
                 from [01m[K/opt/ros/foxy/include/message_filters/subscriber.h:38[m[K,
                 from [01m[K/home/usama/autoronto/coding_test/src/coding_challenge/src/subscriber_member_function.cpp:20[m[K:
[01m[K/usr/include/c++/9/bits/stl_map.h:100:11:[m[K [01;36m[Knote: [m[Kâ€˜[01m[Kstd::map[m[Kâ€™ declared here
  100 |     class [01;36m[Kmap[m[K
      |           [01;36m[K^~~[m[K
[01m[K/home/usama/autoronto/coding_test/src/coding_challenge/src/subscriber_member_function.cpp:83:7:[m[K [01;31m[Kerror: [m[Kâ€˜[01m[Kmap[m[Kâ€™ was not declared in this scope; did you mean â€˜[01m[Kstd::map[m[Kâ€™?
   83 |       [01;31m[Kmap[m[K[temp] = i;
      |       [01;31m[K^~~[m[K
      |       [32m[Kstd::map[m[K
In file included from [01m[K/usr/include/c++/9/map:61[m[K,
                 from [01m[K/opt/ros/foxy/include/rclcpp/client.hpp:20[m[K,
                 from [01m[K/opt/ros/foxy/include/rclcpp/callback_group.hpp:23[m[K,
                 from [01m[K/opt/ros/foxy/include/rclcpp/any_executable.hpp:20[m[K,
                 from [01m[K/opt/ros/foxy/include/rclcpp/memory_strategy.hpp:24[m[K,
                 from [01m[K/opt/ros/foxy/include/rclcpp/memory_strategies.hpp:18[m[K,
                 from [01m[K/opt/ros/foxy/include/rclcpp/executor_options.hpp:20[m[K,
                 from [01m[K/opt/ros/foxy/include/rclcpp/executor.hpp:33[m[K,
                 from [01m[K/opt/ros/foxy/include/rclcpp/executors/multi_threaded_executor.hpp:26[m[K,
                 from [01m[K/opt/ros/foxy/include/rclcpp/executors.hpp:21[m[K,
                 from [01m[K/opt/ros/foxy/include/rclcpp/rclcpp.hpp:146[m[K,
                 from [01m[K/opt/ros/foxy/include/message_filters/subscriber.h:38[m[K,
                 from [01m[K/home/usama/autoronto/coding_test/src/coding_challenge/src/subscriber_member_function.cpp:20[m[K:
[01m[K/usr/include/c++/9/bits/stl_map.h:100:11:[m[K [01;36m[Knote: [m[Kâ€˜[01m[Kstd::map[m[Kâ€™ declared here
  100 |     class [01;36m[Kmap[m[K
      |           [01;36m[K^~~[m[K
make[2]: *** [CMakeFiles/listener.dir/build.make:63: CMakeFiles/listener.dir/src/subscriber_member_function.cpp.o] Error 1
make[1]: *** [CMakeFiles/Makefile2:80: CMakeFiles/listener.dir/all] Error 2
make: *** [Makefile:141: all] Error 2
