[01m[K/home/usama/autoronto/coding_test/src/coding_challenge/src/publisher_member_function.cpp:[m[K In member function â€˜[01m[Kvoid MinimalPublisher::timer_callback()[m[Kâ€™:
[01m[K/home/usama/autoronto/coding_test/src/coding_challenge/src/publisher_member_function.cpp:54:34:[m[K [01;31m[Kerror: [m[Kno match for â€˜[01m[Koperator[][m[Kâ€™ (operand types are â€˜[01m[Kstd_msgs::msg::Int8MultiArray_<std::allocator<void> >[m[Kâ€™ and â€˜[01m[Kint[m[Kâ€™)
   54 |     publisher2_->publish(message2[01;31m[K[[m[K1]);
      |                                  [01;31m[K^[m[K
make[2]: *** [CMakeFiles/talker.dir/build.make:63: CMakeFiles/talker.dir/src/publisher_member_function.cpp.o] Error 1
make[1]: *** [CMakeFiles/Makefile2:107: CMakeFiles/talker.dir/all] Error 2
make[1]: *** Waiting for unfinished jobs....
make: *** [Makefile:141: all] Error 2
