[0.013s] Invoking command in '/home/usama/autoronto/coding_test/build/coding_challenge': CMAKE_PREFIX_PATH=/opt/ros/foxy /usr/bin/cmake --build /home/usama/autoronto/coding_test/build/coding_challenge -- -j8 -l8
[0.053s] [35m[1mScanning dependencies of target listener[0m
[0.054s] [35m[1mScanning dependencies of target talker[0m
[0.081s] [ 25%] [32mBuilding CXX object CMakeFiles/listener.dir/src/subscriber_member_function.cpp.o[0m
[0.087s] [ 50%] [32mBuilding CXX object CMakeFiles/talker.dir/src/publisher_member_function.cpp.o[0m
[1.110s] [01m[K/home/usama/autoronto/coding_test/src/coding_challenge/src/publisher_member_function.cpp:[m[K In member function â€˜[01m[Kvoid MinimalPublisher::timer_callback()[m[Kâ€™:
[1.110s] [01m[K/home/usama/autoronto/coding_test/src/coding_challenge/src/publisher_member_function.cpp:54:34:[m[K [01;31m[Kerror: [m[Kno match for â€˜[01m[Koperator[][m[Kâ€™ (operand types are â€˜[01m[Kstd_msgs::msg::Int8MultiArray_<std::allocator<void> >[m[Kâ€™ and â€˜[01m[Kint[m[Kâ€™)
[1.110s]    54 |     publisher2_->publish(message2[01;31m[K[[m[K1]);
[1.110s]       |                                  [01;31m[K^[m[K
[2.178s] make[2]: *** [CMakeFiles/talker.dir/build.make:63: CMakeFiles/talker.dir/src/publisher_member_function.cpp.o] Error 1
[2.179s] make[1]: *** [CMakeFiles/Makefile2:107: CMakeFiles/talker.dir/all] Error 2
[2.179s] make[1]: *** Waiting for unfinished jobs....
[7.531s] [ 75%] [32m[1mLinking CXX executable listener[0m
[7.758s] [ 75%] Built target listener
[7.758s] make: *** [Makefile:141: all] Error 2
[7.764s] Invoked command in '/home/usama/autoronto/coding_test/build/coding_challenge' returned '2': CMAKE_PREFIX_PATH=/opt/ros/foxy /usr/bin/cmake --build /home/usama/autoronto/coding_test/build/coding_challenge -- -j8 -l8
