[0.023s] Invoking command in '/home/usama/autoronto/coding_test/build/coding_challenge': CMAKE_PREFIX_PATH=/opt/ros/foxy /usr/bin/cmake --build /home/usama/autoronto/coding_test/build/coding_challenge -- -j8 -l8
[0.081s] [35m[1mScanning dependencies of target listener[0m
[0.101s] [ 50%] Built target talker
[0.107s] [ 75%] [32mBuilding CXX object CMakeFiles/listener.dir/src/subscriber_member_function.cpp.o[0m
[1.263s] [01m[K/home/usama/autoronto/coding_test/src/coding_challenge/src/subscriber_member_function.cpp:[m[K In member function â€˜[01m[Kvoid MinimalSubscriber::input_callback(std_msgs::msg::Int8MultiArray_<std::allocator<void> >::ConstSharedPtr)[m[Kâ€™:
[1.263s] [01m[K/home/usama/autoronto/coding_test/src/coding_challenge/src/subscriber_member_function.cpp:71:69:[m[K [01;31m[Kerror: [m[Kexpected â€˜[01m[K;[m[Kâ€™ before â€˜[01m[K)[m[Kâ€™ token
[1.263s]    71 |     input.layout.dim.push_back(std_msgs::msg::MultiArrayDimension())[01;31m[K)[m[K;
[1.263s]       |                                                                     [01;31m[K^[m[K
[1.263s]       |                                                                     [32m[K;[m[K
[1.270s] [01m[K/home/usama/autoronto/coding_test/src/coding_challenge/src/subscriber_member_function.cpp:[m[K In member function â€˜[01m[Kvoid MinimalSubscriber::calc_result()[m[Kâ€™:
[1.270s] [01m[K/home/usama/autoronto/coding_test/src/coding_challenge/src/subscriber_member_function.cpp:120:70:[m[K [01;31m[Kerror: [m[Kexpected â€˜[01m[K;[m[Kâ€™ before â€˜[01m[K)[m[Kâ€™ token
[1.270s]   120 |     result.layout.dim.push_back(std_msgs::msg::MultiArrayDimension())[01;31m[K)[m[K;
[1.271s]       |                                                                      [01;31m[K^[m[K
[1.271s]       |                                                                      [32m[K;[m[K
[2.670s] make[2]: *** [CMakeFiles/listener.dir/build.make:63: CMakeFiles/listener.dir/src/subscriber_member_function.cpp.o] Error 1
[2.670s] make[1]: *** [CMakeFiles/Makefile2:80: CMakeFiles/listener.dir/all] Error 2
[2.671s] make: *** [Makefile:141: all] Error 2
[2.677s] Invoked command in '/home/usama/autoronto/coding_test/build/coding_challenge' returned '2': CMAKE_PREFIX_PATH=/opt/ros/foxy /usr/bin/cmake --build /home/usama/autoronto/coding_test/build/coding_challenge -- -j8 -l8
