[0.027s] Invoking command in '/home/usama/autoronto/coding_test/build/coding_challenge': CMAKE_PREFIX_PATH=/opt/ros/foxy /usr/bin/cmake --build /home/usama/autoronto/coding_test/build/coding_challenge -- -j8 -l8
[0.058s] [35m[1mScanning dependencies of target talker[0m
[0.072s] [ 50%] Built target listener
[0.077s] [ 75%] [32mBuilding CXX object CMakeFiles/talker.dir/src/publisher_member_function.cpp.o[0m
[0.996s] [01m[K/home/usama/autoronto/coding_test/src/coding_challenge/src/publisher_member_function.cpp:[m[K In member function â€˜[01m[Kvoid MinimalPublisher::timer_callback()[m[Kâ€™:
[0.996s] [01m[K/home/usama/autoronto/coding_test/src/coding_challenge/src/publisher_member_function.cpp:46:5:[m[K [01;31m[Kerror: [m[Kâ€˜[01m[Kpublisher1_[m[Kâ€™ was not declared in this scope; did you mean â€˜[01m[Kpublisher_[m[Kâ€™?
[0.996s]    46 |     [01;31m[Kpublisher1_[m[K->publish(message);
[0.996s]       |     [01;31m[K^~~~~~~~~~~[m[K
[0.997s]       |     [32m[Kpublisher_[m[K
[0.997s] [01m[K/home/usama/autoronto/coding_test/src/coding_challenge/src/publisher_member_function.cpp:52:18:[m[K [01;31m[Kerror: [m[Kno matching function for call to â€˜[01m[Kbegin(std_msgs::msg::Int8MultiArray_<std::allocator<void> >&)[m[Kâ€™
[0.997s]    52 |     for (char i: [01;31m[Kmessage2[m[K)
[0.997s]       |                  [01;31m[K^~~~~~~~[m[K
[0.997s] In file included from [01m[K/usr/include/c++/9/utility:76[m[K,
[0.997s]                  from [01m[K/usr/include/c++/9/bits/unique_ptr.h:36[m[K,
[0.997s]                  from [01m[K/usr/include/c++/9/memory:80[m[K,
[0.997s]                  from [01m[K/home/usama/autoronto/coding_test/src/coding_challenge/src/publisher_member_function.cpp:16[m[K:
[0.997s] [01m[K/usr/include/c++/9/initializer_list:89:5:[m[K [01;36m[Knote: [m[Kcandidate: â€˜[01m[Ktemplate<class _Tp> constexpr const _Tp* std::begin(std::initializer_list<_Tp>)[m[Kâ€™
[0.998s]    89 |     [01;36m[Kbegin[m[K(initializer_list<_Tp> __ils) noexcept
[0.998s]       |     [01;36m[K^~~~~[m[K
[0.998s] [01m[K/usr/include/c++/9/initializer_list:89:5:[m[K [01;36m[Knote: [m[K  template argument deduction/substitution failed:
[0.998s] [01m[K/home/usama/autoronto/coding_test/src/coding_challenge/src/publisher_member_function.cpp:52:18:[m[K [01;36m[Knote: [m[K  â€˜[01m[Kstd_msgs::msg::Int8MultiArray_<std::allocator<void> >[m[Kâ€™ is not derived from â€˜[01m[Kstd::initializer_list<_Tp>[m[Kâ€™
[0.998s]    52 |     for (char i: [01;36m[Kmessage2[m[K)
[0.998s]       |                  [01;36m[K^~~~~~~~[m[K
[0.998s] In file included from [01m[K/usr/include/c++/9/string:54[m[K,
[0.998s]                  from [01m[K/usr/include/c++/9/stdexcept:39[m[K,
[0.998s]                  from [01m[K/usr/include/c++/9/array:39[m[K,
[0.999s]                  from [01m[K/usr/include/c++/9/tuple:39[m[K,
[0.999s]                  from [01m[K/usr/include/c++/9/bits/unique_ptr.h:37[m[K,
[0.999s]                  from [01m[K/usr/include/c++/9/memory:80[m[K,
[0.999s]                  from [01m[K/home/usama/autoronto/coding_test/src/coding_challenge/src/publisher_member_function.cpp:16[m[K:
[0.999s] [01m[K/usr/include/c++/9/bits/range_access.h:48:5:[m[K [01;36m[Knote: [m[Kcandidate: â€˜[01m[Ktemplate<class _Container> decltype (__cont.begin()) std::begin(_Container&)[m[Kâ€™
[0.999s]    48 |     [01;36m[Kbegin[m[K(_Container& __cont) -> decltype(__cont.begin())
[0.999s]       |     [01;36m[K^~~~~[m[K
[0.999s] [01m[K/usr/include/c++/9/bits/range_access.h:48:5:[m[K [01;36m[Knote: [m[K  template argument deduction/substitution failed:
[0.999s] /usr/include/c++/9/bits/range_access.h: In substitution of â€˜[01m[Ktemplate<class _Container> decltype (__cont.begin()) std::begin(_Container&) [with _Container = std_msgs::msg::Int8MultiArray_<std::allocator<void> >][m[Kâ€™:
[0.999s] [01m[K/home/usama/autoronto/coding_test/src/coding_challenge/src/publisher_member_function.cpp:52:18:[m[K   required from here
[0.999s] [01m[K/usr/include/c++/9/bits/range_access.h:48:50:[m[K [01;31m[Kerror: [m[Kâ€˜[01m[Kstruct std_msgs::msg::Int8MultiArray_<std::allocator<void> >[m[Kâ€™ has no member named â€˜[01m[Kbegin[m[Kâ€™
[1.000s]    48 |     begin(_Container& __cont) -> decltype([01;31m[K__cont.begin[m[K())
[1.000s]       |                                           [01;31m[K~~~~~~~^~~~~[m[K
[1.000s] [01m[K/usr/include/c++/9/bits/range_access.h:58:5:[m[K [01;36m[Knote: [m[Kcandidate: â€˜[01m[Ktemplate<class _Container> decltype (__cont.begin()) std::begin(const _Container&)[m[Kâ€™
[1.000s]    58 |     [01;36m[Kbegin[m[K(const _Container& __cont) -> decltype(__cont.begin())
[1.000s]       |     [01;36m[K^~~~~[m[K
[1.000s] [01m[K/usr/include/c++/9/bits/range_access.h:58:5:[m[K [01;36m[Knote: [m[K  template argument deduction/substitution failed:
[1.000s] /usr/include/c++/9/bits/range_access.h: In substitution of â€˜[01m[Ktemplate<class _Container> decltype (__cont.begin()) std::begin(const _Container&) [with _Container = std_msgs::msg::Int8MultiArray_<std::allocator<void> >][m[Kâ€™:
[1.000s] [01m[K/home/usama/autoronto/coding_test/src/coding_challenge/src/publisher_member_function.cpp:52:18:[m[K   required from here
[1.000s] [01m[K/usr/include/c++/9/bits/range_access.h:58:56:[m[K [01;31m[Kerror: [m[Kâ€˜[01m[Kconst struct std_msgs::msg::Int8MultiArray_<std::allocator<void> >[m[Kâ€™ has no member named â€˜[01m[Kbegin[m[Kâ€™
[1.000s]    58 |     begin(const _Container& __cont) -> decltype([01;31m[K__cont.begin[m[K())
[1.000s]       |                                                 [01;31m[K~~~~~~~^~~~~[m[K
[1.001s] [01m[K/usr/include/c++/9/bits/range_access.h:87:5:[m[K [01;36m[Knote: [m[Kcandidate: â€˜[01m[Ktemplate<class _Tp, long unsigned int _Nm> constexpr _Tp* std::begin(_Tp (&)[_Nm])[m[Kâ€™
[1.001s]    87 |     [01;36m[Kbegin[m[K(_Tp (&__arr)[_Nm])
[1.001s]       |     [01;36m[K^~~~~[m[K
[1.001s] [01m[K/usr/include/c++/9/bits/range_access.h:87:5:[m[K [01;36m[Knote: [m[K  template argument deduction/substitution failed:
[1.001s] [01m[K/home/usama/autoronto/coding_test/src/coding_challenge/src/publisher_member_function.cpp:52:18:[m[K [01;36m[Knote: [m[K  mismatched types â€˜[01m[K_Tp [_Nm][m[Kâ€™ and â€˜[01m[Kstd_msgs::msg::Int8MultiArray_<std::allocator<void> >[m[Kâ€™
[1.001s]    52 |     for (char i: [01;36m[Kmessage2[m[K)
[1.001s]       |                  [01;36m[K^~~~~~~~[m[K
[1.001s] In file included from [01m[K/usr/include/c++/9/string:54[m[K,
[1.001s]                  from [01m[K/usr/include/c++/9/stdexcept:39[m[K,
[1.001s]                  from [01m[K/usr/include/c++/9/array:39[m[K,
[1.002s]                  from [01m[K/usr/include/c++/9/tuple:39[m[K,
[1.003s]                  from [01m[K/usr/include/c++/9/bits/unique_ptr.h:37[m[K,
[1.003s]                  from [01m[K/usr/include/c++/9/memory:80[m[K,
[1.003s]                  from [01m[K/home/usama/autoronto/coding_test/src/coding_challenge/src/publisher_member_function.cpp:16[m[K:
[1.003s] [01m[K/usr/include/c++/9/bits/range_access.h:104:31:[m[K [01;36m[Knote: [m[Kcandidate: â€˜[01m[Ktemplate<class _Tp> _Tp* std::begin(std::valarray<_Tp>&)[m[Kâ€™
[1.003s]   104 |   template<typename _Tp> _Tp* [01;36m[Kbegin[m[K(valarray<_Tp>&);
[1.003s]       |                               [01;36m[K^~~~~[m[K
[1.003s] [01m[K/usr/include/c++/9/bits/range_access.h:104:31:[m[K [01;36m[Knote: [m[K  template argument deduction/substitution failed:
[1.003s] [01m[K/home/usama/autoronto/coding_test/src/coding_challenge/src/publisher_member_function.cpp:52:18:[m[K [01;36m[Knote: [m[K  â€˜[01m[Kstd_msgs::msg::Int8MultiArray_<std::allocator<void> >[m[Kâ€™ is not derived from â€˜[01m[Kstd::valarray<_Tp>[m[Kâ€™
[1.003s]    52 |     for (char i: [01;36m[Kmessage2[m[K)
[1.003s]       |                  [01;36m[K^~~~~~~~[m[K
[1.003s] In file included from [01m[K/usr/include/c++/9/string:54[m[K,
[1.003s]                  from [01m[K/usr/include/c++/9/stdexcept:39[m[K,
[1.004s]                  from [01m[K/usr/include/c++/9/array:39[m[K,
[1.004s]                  from [01m[K/usr/include/c++/9/tuple:39[m[K,
[1.004s]                  from [01m[K/usr/include/c++/9/bits/unique_ptr.h:37[m[K,
[1.004s]                  from [01m[K/usr/include/c++/9/memory:80[m[K,
[1.004s]                  from [01m[K/home/usama/autoronto/coding_test/src/coding_challenge/src/publisher_member_function.cpp:16[m[K:
[1.004s] [01m[K/usr/include/c++/9/bits/range_access.h:105:37:[m[K [01;36m[Knote: [m[Kcandidate: â€˜[01m[Ktemplate<class _Tp> const _Tp* std::begin(const std::valarray<_Tp>&)[m[Kâ€™
[1.004s]   105 |   template<typename _Tp> const _Tp* [01;36m[Kbegin[m[K(const valarray<_Tp>&);
[1.004s]       |                                     [01;36m[K^~~~~[m[K
[1.004s] [01m[K/usr/include/c++/9/bits/range_access.h:105:37:[m[K [01;36m[Knote: [m[K  template argument deduction/substitution failed:
[1.004s] [01m[K/home/usama/autoronto/coding_test/src/coding_challenge/src/publisher_member_function.cpp:52:18:[m[K [01;36m[Knote: [m[K  â€˜[01m[Kstd_msgs::msg::Int8MultiArray_<std::allocator<void> >[m[Kâ€™ is not derived from â€˜[01m[Kconst std::valarray<_Tp>[m[Kâ€™
[1.005s]    52 |     for (char i: [01;36m[Kmessage2[m[K)
[1.005s]       |                  [01;36m[K^~~~~~~~[m[K
[1.005s] [01m[K/home/usama/autoronto/coding_test/src/coding_challenge/src/publisher_member_function.cpp:52:18:[m[K [01;31m[Kerror: [m[Kno matching function for call to â€˜[01m[Kend(std_msgs::msg::Int8MultiArray_<std::allocator<void> >&)[m[Kâ€™
[1.005s] In file included from [01m[K/usr/include/c++/9/utility:76[m[K,
[1.005s]                  from [01m[K/usr/include/c++/9/bits/unique_ptr.h:36[m[K,
[1.005s]                  from [01m[K/usr/include/c++/9/memory:80[m[K,
[1.005s]                  from [01m[K/home/usama/autoronto/coding_test/src/coding_challenge/src/publisher_member_function.cpp:16[m[K:
[1.005s] [01m[K/usr/include/c++/9/initializer_list:99:5:[m[K [01;36m[Knote: [m[Kcandidate: â€˜[01m[Ktemplate<class _Tp> constexpr const _Tp* std::end(std::initializer_list<_Tp>)[m[Kâ€™
[1.005s]    99 |     [01;36m[Kend[m[K(initializer_list<_Tp> __ils) noexcept
[1.005s]       |     [01;36m[K^~~[m[K
[1.006s] [01m[K/usr/include/c++/9/initializer_list:99:5:[m[K [01;36m[Knote: [m[K  template argument deduction/substitution failed:
[1.006s] [01m[K/home/usama/autoronto/coding_test/src/coding_challenge/src/publisher_member_function.cpp:52:18:[m[K [01;36m[Knote: [m[K  â€˜[01m[Kstd_msgs::msg::Int8MultiArray_<std::allocator<void> >[m[Kâ€™ is not derived from â€˜[01m[Kstd::initializer_list<_Tp>[m[Kâ€™
[1.006s]    52 |     for (char i: [01;36m[Kmessage2[m[K)
[1.006s]       |                  [01;36m[K^~~~~~~~[m[K
[1.006s] In file included from [01m[K/usr/include/c++/9/string:54[m[K,
[1.006s]                  from [01m[K/usr/include/c++/9/stdexcept:39[m[K,
[1.006s]                  from [01m[K/usr/include/c++/9/array:39[m[K,
[1.006s]                  from [01m[K/usr/include/c++/9/tuple:39[m[K,
[1.006s]                  from [01m[K/usr/include/c++/9/bits/unique_ptr.h:37[m[K,
[1.006s]                  from [01m[K/usr/include/c++/9/memory:80[m[K,
[1.006s]                  from [01m[K/home/usama/autoronto/coding_test/src/coding_challenge/src/publisher_member_function.cpp:16[m[K:
[1.007s] [01m[K/usr/include/c++/9/bits/range_access.h:68:5:[m[K [01;36m[Knote: [m[Kcandidate: â€˜[01m[Ktemplate<class _Container> decltype (__cont.end()) std::end(_Container&)[m[Kâ€™
[1.007s]    68 |     [01;36m[Kend[m[K(_Container& __cont) -> decltype(__cont.end())
[1.007s]       |     [01;36m[K^~~[m[K
[1.007s] [01m[K/usr/include/c++/9/bits/range_access.h:68:5:[m[K [01;36m[Knote: [m[K  template argument deduction/substitution failed:
[1.007s] /usr/include/c++/9/bits/range_access.h: In substitution of â€˜[01m[Ktemplate<class _Container> decltype (__cont.end()) std::end(_Container&) [with _Container = std_msgs::msg::Int8MultiArray_<std::allocator<void> >][m[Kâ€™:
[1.007s] [01m[K/home/usama/autoronto/coding_test/src/coding_challenge/src/publisher_member_function.cpp:52:18:[m[K   required from here
[1.007s] [01m[K/usr/include/c++/9/bits/range_access.h:68:48:[m[K [01;31m[Kerror: [m[Kâ€˜[01m[Kstruct std_msgs::msg::Int8MultiArray_<std::allocator<void> >[m[Kâ€™ has no member named â€˜[01m[Kend[m[Kâ€™
[1.007s]    68 |     end(_Container& __cont) -> decltype([01;31m[K__cont.end[m[K())
[1.007s]       |                                         [01;31m[K~~~~~~~^~~[m[K
[1.007s] [01m[K/usr/include/c++/9/bits/range_access.h:78:5:[m[K [01;36m[Knote: [m[Kcandidate: â€˜[01m[Ktemplate<class _Container> decltype (__cont.end()) std::end(const _Container&)[m[Kâ€™
[1.008s]    78 |     [01;36m[Kend[m[K(const _Container& __cont) -> decltype(__cont.end())
[1.008s]       |     [01;36m[K^~~[m[K
[1.008s] [01m[K/usr/include/c++/9/bits/range_access.h:78:5:[m[K [01;36m[Knote: [m[K  template argument deduction/substitution failed:
[1.008s] /usr/include/c++/9/bits/range_access.h: In substitution of â€˜[01m[Ktemplate<class _Container> decltype (__cont.end()) std::end(const _Container&) [with _Container = std_msgs::msg::Int8MultiArray_<std::allocator<void> >][m[Kâ€™:
[1.008s] [01m[K/home/usama/autoronto/coding_test/src/coding_challenge/src/publisher_member_function.cpp:52:18:[m[K   required from here
[1.008s] [01m[K/usr/include/c++/9/bits/range_access.h:78:54:[m[K [01;31m[Kerror: [m[Kâ€˜[01m[Kconst struct std_msgs::msg::Int8MultiArray_<std::allocator<void> >[m[Kâ€™ has no member named â€˜[01m[Kend[m[Kâ€™
[1.008s]    78 |     end(const _Container& __cont) -> decltype([01;31m[K__cont.end[m[K())
[1.008s]       |                                               [01;31m[K~~~~~~~^~~[m[K
[1.008s] [01m[K/usr/include/c++/9/bits/range_access.h:97:5:[m[K [01;36m[Knote: [m[Kcandidate: â€˜[01m[Ktemplate<class _Tp, long unsigned int _Nm> constexpr _Tp* std::end(_Tp (&)[_Nm])[m[Kâ€™
[1.009s]    97 |     [01;36m[Kend[m[K(_Tp (&__arr)[_Nm])
[1.009s]       |     [01;36m[K^~~[m[K
[1.009s] [01m[K/usr/include/c++/9/bits/range_access.h:97:5:[m[K [01;36m[Knote: [m[K  template argument deduction/substitution failed:
[1.009s] [01m[K/home/usama/autoronto/coding_test/src/coding_challenge/src/publisher_member_function.cpp:52:18:[m[K [01;36m[Knote: [m[K  mismatched types â€˜[01m[K_Tp [_Nm][m[Kâ€™ and â€˜[01m[Kstd_msgs::msg::Int8MultiArray_<std::allocator<void> >[m[Kâ€™
[1.009s]    52 |     for (char i: [01;36m[Kmessage2[m[K)
[1.009s]       |                  [01;36m[K^~~~~~~~[m[K
[1.009s] In file included from [01m[K/usr/include/c++/9/string:54[m[K,
[1.009s]                  from [01m[K/usr/include/c++/9/stdexcept:39[m[K,
[1.009s]                  from [01m[K/usr/include/c++/9/array:39[m[K,
[1.009s]                  from [01m[K/usr/include/c++/9/tuple:39[m[K,
[1.010s]                  from [01m[K/usr/include/c++/9/bits/unique_ptr.h:37[m[K,
[1.010s]                  from [01m[K/usr/include/c++/9/memory:80[m[K,
[1.010s]                  from [01m[K/home/usama/autoronto/coding_test/src/coding_challenge/src/publisher_member_function.cpp:16[m[K:
[1.010s] [01m[K/usr/include/c++/9/bits/range_access.h:106:31:[m[K [01;36m[Knote: [m[Kcandidate: â€˜[01m[Ktemplate<class _Tp> _Tp* std::end(std::valarray<_Tp>&)[m[Kâ€™
[1.010s]   106 |   template<typename _Tp> _Tp* [01;36m[Kend[m[K(valarray<_Tp>&);
[1.010s]       |                               [01;36m[K^~~[m[K
[1.010s] [01m[K/usr/include/c++/9/bits/range_access.h:106:31:[m[K [01;36m[Knote: [m[K  template argument deduction/substitution failed:
[1.010s] [01m[K/home/usama/autoronto/coding_test/src/coding_challenge/src/publisher_member_function.cpp:52:18:[m[K [01;36m[Knote: [m[K  â€˜[01m[Kstd_msgs::msg::Int8MultiArray_<std::allocator<void> >[m[Kâ€™ is not derived from â€˜[01m[Kstd::valarray<_Tp>[m[Kâ€™
[1.010s]    52 |     for (char i: [01;36m[Kmessage2[m[K)
[1.010s]       |                  [01;36m[K^~~~~~~~[m[K
[1.011s] In file included from [01m[K/usr/include/c++/9/string:54[m[K,
[1.011s]                  from [01m[K/usr/include/c++/9/stdexcept:39[m[K,
[1.011s]                  from [01m[K/usr/include/c++/9/array:39[m[K,
[1.011s]                  from [01m[K/usr/include/c++/9/tuple:39[m[K,
[1.011s]                  from [01m[K/usr/include/c++/9/bits/unique_ptr.h:37[m[K,
[1.011s]                  from [01m[K/usr/include/c++/9/memory:80[m[K,
[1.011s]                  from [01m[K/home/usama/autoronto/coding_test/src/coding_challenge/src/publisher_member_function.cpp:16[m[K:
[1.011s] [01m[K/usr/include/c++/9/bits/range_access.h:107:37:[m[K [01;36m[Knote: [m[Kcandidate: â€˜[01m[Ktemplate<class _Tp> const _Tp* std::end(const std::valarray<_Tp>&)[m[Kâ€™
[1.011s]   107 |   template<typename _Tp> const _Tp* [01;36m[Kend[m[K(const valarray<_Tp>&);
[1.011s]       |                                     [01;36m[K^~~[m[K
[1.012s] [01m[K/usr/include/c++/9/bits/range_access.h:107:37:[m[K [01;36m[Knote: [m[K  template argument deduction/substitution failed:
[1.012s] [01m[K/home/usama/autoronto/coding_test/src/coding_challenge/src/publisher_member_function.cpp:52:18:[m[K [01;36m[Knote: [m[K  â€˜[01m[Kstd_msgs::msg::Int8MultiArray_<std::allocator<void> >[m[Kâ€™ is not derived from â€˜[01m[Kconst std::valarray<_Tp>[m[Kâ€™
[1.012s]    52 |     for (char i: [01;36m[Kmessage2[m[K)
[1.012s]       |                  [01;36m[K^~~~~~~~[m[K
[1.737s] make[2]: *** [CMakeFiles/talker.dir/build.make:63: CMakeFiles/talker.dir/src/publisher_member_function.cpp.o] Error 1
[1.738s] make[1]: *** [CMakeFiles/Makefile2:107: CMakeFiles/talker.dir/all] Error 2
[1.738s] make: *** [Makefile:141: all] Error 2
[1.740s] Invoked command in '/home/usama/autoronto/coding_test/build/coding_challenge' returned '2': CMAKE_PREFIX_PATH=/opt/ros/foxy /usr/bin/cmake --build /home/usama/autoronto/coding_test/build/coding_challenge -- -j8 -l8
