[0.100s] Invoking command in '/home/usama/autoronto/coding_test/build/coding_challenge': CMAKE_PREFIX_PATH=/opt/ros/foxy /usr/bin/cmake --build /home/usama/autoronto/coding_test/build/coding_challenge -- -j8 -l8
[0.139s] [35m[1mScanning dependencies of target listener[0m
[0.164s] [ 50%] [32mBuilding CXX object CMakeFiles/listener.dir/src/subscriber_member_function.cpp.o[0m
[0.164s] [ 75%] Built target talker
[0.948s] [01m[K/home/usama/autoronto/coding_test/src/coding_challenge/src/subscriber_member_function.cpp:49:21:[m[K [01;31m[Kerror: [m[Kâ€˜[01m[Kstd_msgs[m[Kâ€™ was not declared in this scope
[0.957s]    49 |   rclcpp::Publisher<[01;31m[Kstd_msgs[m[K::msg::Int8MultiArray>::SharedPtr publisher_;
[0.959s]       |                     [01;31m[K^~~~~~~~[m[K
[0.959s] [01m[K/home/usama/autoronto/coding_test/src/coding_challenge/src/subscriber_member_function.cpp:49:50:[m[K [01;31m[Kerror: [m[Ktemplate argument 1 is invalid
[0.959s]    49 |   rclcpp::Publisher<std_msgs::msg::Int8MultiArray[01;31m[K>[m[K::SharedPtr publisher_;
[0.959s]       |                                                  [01;31m[K^[m[K
[0.960s] [01m[K/home/usama/autoronto/coding_test/src/coding_challenge/src/subscriber_member_function.cpp:49:53:[m[K [01;31m[Kerror: [m[Kexpected â€˜[01m[K;[m[Kâ€™ at end of member declaration
[0.960s]    49 |   rclcpp::Publisher<std_msgs::msg::Int8MultiArray>::[01;31m[KSharedPtr[m[K publisher_;
[0.960s]       |                                                     [01;31m[K^~~~~~~~~[m[K
[0.960s]       |                                                              [32m[K;[m[K
[0.960s] [01m[K/home/usama/autoronto/coding_test/src/coding_challenge/src/subscriber_member_function.cpp:49:63:[m[K [01;31m[Kerror: [m[Kâ€˜[01m[Kpublisher_[m[Kâ€™ does not name a type; did you mean â€˜[01m[Krcl_publisher_t[m[Kâ€™?
[0.960s]    49 |   rclcpp::Publisher<std_msgs::msg::Int8MultiArray>::SharedPtr [01;31m[Kpublisher_[m[K;
[0.960s]       |                                                               [01;31m[K^~~~~~~~~~[m[K
[0.960s]       |                                                               [32m[Krcl_publisher_t[m[K
[0.960s] [01m[K/home/usama/autoronto/coding_test/src/coding_challenge/src/subscriber_member_function.cpp:52:31:[m[K [01;31m[Kerror: [m[Kâ€˜[01m[Kstd_msgs[m[Kâ€™ was not declared in this scope
[0.960s]    52 |   message_filters::Subscriber<[01;31m[Kstd_msgs[m[K::msg::Int8MultiArray> array_sub_;
[0.960s]       |                               [01;31m[K^~~~~~~~[m[K
[0.960s] [01m[K/home/usama/autoronto/coding_test/src/coding_challenge/src/subscriber_member_function.cpp:52:60:[m[K [01;31m[Kerror: [m[Ktemplate argument 1 is invalid
[0.960s]    52 |   message_filters::Subscriber<std_msgs::msg::Int8MultiArray[01;31m[K>[m[K array_sub_;
[0.960s]       |                                                            [01;31m[K^[m[K
[0.960s] [01m[K/home/usama/autoronto/coding_test/src/coding_challenge/src/subscriber_member_function.cpp:53:31:[m[K [01;31m[Kerror: [m[Kâ€˜[01m[Kstd_msgs[m[Kâ€™ was not declared in this scope
[0.960s]    53 |   message_filters::Subscriber<[01;31m[Kstd_msgs[m[K::msg::Int8> target_sub_;
[0.960s]       |                               [01;31m[K^~~~~~~~[m[K
[0.960s] [01m[K/home/usama/autoronto/coding_test/src/coding_challenge/src/subscriber_member_function.cpp:53:50:[m[K [01;31m[Kerror: [m[Ktemplate argument 1 is invalid
[0.960s]    53 |   message_filters::Subscriber<std_msgs::msg::Int8[01;31m[K>[m[K target_sub_;
[0.960s]       |                                                  [01;31m[K^[m[K
[0.960s] [01m[K/home/usama/autoronto/coding_test/src/coding_challenge/src/subscriber_member_function.cpp:65:23:[m[K [01;31m[Kerror: [m[Kâ€˜[01m[Kstd_msgs[m[Kâ€™ does not name a type
[0.960s]    65 |   void callback(const [01;31m[Kstd_msgs[m[K::msg::Int8MultiArray array_msg, const std_msgs::msg::Int8 target_msg)
[0.960s]       |                       [01;31m[K^~~~~~~~[m[K
[0.961s] [01m[K/home/usama/autoronto/coding_test/src/coding_challenge/src/subscriber_member_function.cpp:65:36:[m[K [01;31m[Kerror: [m[Kexpected unqualified-id before â€˜[01m[K::[m[Kâ€™ token
[0.961s]    65 |   void callback(const std_msgs::msg[01;31m[K::[m[KInt8MultiArray array_msg, const std_msgs::msg::Int8 target_msg)
[0.961s]       |                                    [01;31m[K^~[m[K
[0.961s] [01m[K/home/usama/autoronto/coding_test/src/coding_challenge/src/subscriber_member_function.cpp:65:36:[m[K [01;31m[Kerror: [m[Kexpected â€˜[01m[K)[m[Kâ€™ before â€˜[01m[K::[m[Kâ€™ token
[0.961s]    65 |   void callback[34m[K([m[Kconst std_msgs::msg[01;31m[K:[m[K[32m[K:[m[KInt8MultiArray array_msg, const std_msgs::msg::Int8 target_msg)
[0.961s]       |                [34m[K~[m[K                   [01;31m[K^[m[K[32m[K~[m[K
[0.961s]       |                                    [32m[K)[m[K
[0.961s] [01m[K/home/usama/autoronto/coding_test/src/coding_challenge/src/subscriber_member_function.cpp:65:33:[m[K [01;31m[Kerror: [m[Kexpected â€˜[01m[K;[m[Kâ€™ at end of member declaration
[0.961s]    65 |   void callback(const std_msgs::[01;31m[Kmsg[m[K::Int8MultiArray array_msg, const std_msgs::msg::Int8 target_msg)
[0.961s]       |                                 [01;31m[K^~~[m[K
[0.961s]       |                                    [32m[K;[m[K
[0.961s] [01m[K/home/usama/autoronto/coding_test/src/coding_challenge/src/subscriber_member_function.cpp:65:38:[m[K [01;31m[Kerror: [m[Kâ€˜[01m[KInt8MultiArray[m[Kâ€™ in namespace â€˜[01m[K::[m[Kâ€™ does not name a type
[0.961s]    65 |   void callback(const std_msgs::msg::[01;31m[KInt8MultiArray[m[K array_msg, const std_msgs::msg::Int8 target_msg)
[0.961s]       |                                      [01;31m[K^~~~~~~~~~~~~~[m[K
[0.961s] [01m[K/home/usama/autoronto/coding_test/src/coding_challenge/src/subscriber_member_function.cpp:[m[K In constructor â€˜[01m[KMinimalSubscriber::MinimalSubscriber()[m[Kâ€™:
[0.961s] [01m[K/home/usama/autoronto/coding_test/src/coding_challenge/src/subscriber_member_function.cpp:33:16:[m[K [01;31m[Kerror: [m[Krequest for member â€˜[01m[Ksubscribe[m[Kâ€™ in â€˜[01m[K((MinimalSubscriber*)this)->MinimalSubscriber::array_sub_[m[Kâ€™, which is of non-class type â€˜[01m[Kint[m[Kâ€™
[0.961s]    33 |     array_sub_.[01;31m[Ksubscribe[m[K(this,"/input",10);
[0.961s]       |                [01;31m[K^~~~~~~~~[m[K
[0.961s] [01m[K/home/usama/autoronto/coding_test/src/coding_challenge/src/subscriber_member_function.cpp:34:17:[m[K [01;31m[Kerror: [m[Krequest for member â€˜[01m[Ksubscribe[m[Kâ€™ in â€˜[01m[K((MinimalSubscriber*)this)->MinimalSubscriber::target_sub_[m[Kâ€™, which is of non-class type â€˜[01m[Kint[m[Kâ€™
[0.961s]    34 |     target_sub_.[01;31m[Ksubscribe[m[K(this,"/target",10);
[0.961s]       |                 [01;31m[K^~~~~~~~~[m[K
[0.961s] [01m[K/home/usama/autoronto/coding_test/src/coding_challenge/src/subscriber_member_function.cpp:36:45:[m[K [01;31m[Kerror: [m[Kâ€˜[01m[KApproximateTime[m[Kâ€™ in namespace â€˜[01m[Kmessage_filters::sync_policies[m[Kâ€™ does not name a template type
[0.961s]    36 |     typedef message_filters::sync_policies::[01;31m[KApproximateTime[m[K<std_msgs::msg::Int8MultiArray, std_msgs::msg::Int8> approximate_policy;
[0.961s]       |                                             [01;31m[K^~~~~~~~~~~~~~~[m[K
[0.962s] [01m[K/home/usama/autoronto/coding_test/src/coding_challenge/src/subscriber_member_function.cpp:37:35:[m[K [01;31m[Kerror: [m[Kâ€˜[01m[Kapproximate_policy[m[Kâ€™ was not declared in this scope
[0.962s]    37 |     message_filters::Synchronizer<[01;31m[Kapproximate_policy[m[K>syncApproximate(approximate_policy(10), array_sub_, target_sub_);
[0.962s]       |                                   [01;31m[K^~~~~~~~~~~~~~~~~~[m[K
[0.962s] [01m[K/home/usama/autoronto/coding_test/src/coding_challenge/src/subscriber_member_function.cpp:37:53:[m[K [01;31m[Kerror: [m[Ktemplate argument 1 is invalid
[0.962s]    37 |     message_filters::Synchronizer<approximate_policy[01;31m[K>[m[KsyncApproximate(approximate_policy(10), array_sub_, target_sub_);
[0.962s]       |                                                     [01;31m[K^[m[K
[0.962s] [01m[K/home/usama/autoronto/coding_test/src/coding_challenge/src/subscriber_member_function.cpp:37:117:[m[K [01;31m[Kerror: [m[Kexpression list treated as compound expression in initializer [[01;31m[K-fpermissive[m[K]
[0.962s]    37 |     message_filters::Synchronizer<approximate_policy>syncApproximate(approximate_policy(10), array_sub_, target_sub_[01;31m[K)[m[K;
[0.962s]       |                                                                                                                     [01;31m[K^[m[K
[0.962s] [01m[K/home/usama/autoronto/coding_test/src/coding_challenge/src/subscriber_member_function.cpp:39:21:[m[K [01;31m[Kerror: [m[Krequest for member â€˜[01m[KregisterCallback[m[Kâ€™ in â€˜[01m[KsyncApproximate[m[Kâ€™, which is of non-class type â€˜[01m[Kint[m[Kâ€™
[0.962s]    39 |     syncApproximate.[01;31m[KregisterCallback[m[K(&MinimalSubscriber::callback,this);
[0.962s]       |                     [01;31m[K^~~~~~~~~~~~~~~~[m[K
[0.963s] [01m[K/home/usama/autoronto/coding_test/src/coding_challenge/src/subscriber_member_function.cpp:41:5:[m[K [01;31m[Kerror: [m[Kâ€˜[01m[Kpublisher_[m[Kâ€™ was not declared in this scope; did you mean â€˜[01m[Krcl_publisher_t[m[Kâ€™?
[0.963s]    41 |     [01;31m[Kpublisher_[m[K = this->create_publisher<std_msgs::msg::Int8MultiArray>("/solution", 10);
[0.963s]       |     [01;31m[K^~~~~~~~~~[m[K
[0.963s]       |     [32m[Krcl_publisher_t[m[K
[0.964s] [01m[K/home/usama/autoronto/coding_test/src/coding_challenge/src/subscriber_member_function.cpp:41:41:[m[K [01;31m[Kerror: [m[Kâ€˜[01m[Kstd_msgs[m[Kâ€™ was not declared in this scope
[0.964s]    41 |     publisher_ = this->create_publisher<[01;31m[Kstd_msgs[m[K::msg::Int8MultiArray>("/solution", 10);
[0.964s]       |                                         [01;31m[K^~~~~~~~[m[K
[0.964s] [01m[K/home/usama/autoronto/coding_test/src/coding_challenge/src/subscriber_member_function.cpp:41:24:[m[K [01;31m[Kerror: [m[Kparse error in template argument list
[0.965s]    41 |     publisher_ = this->[01;31m[Kcreate_publisher<std_msgs::msg::Int8MultiArray>[m[K("/solution", 10);
[0.965s]       |                        [01;31m[K^~~~~~~~~~~~~~~~~~~~~~~~~~~~~~~~~~~~~~~~~~~~~~~[m[K
[0.965s] [01m[K/home/usama/autoronto/coding_test/src/coding_challenge/src/subscriber_member_function.cpp:41:87:[m[K [01;31m[Kerror: [m[Kno matching function for call to â€˜[01m[KMinimalSubscriber::create_publisher<<expression error> >(const char [10], int)[m[Kâ€™
[0.965s]    41 |     publisher_ = this->create_publisher<std_msgs::msg::Int8MultiArray>("/solution", 10[01;31m[K)[m[K;
[0.965s]       |                                                                                       [01;31m[K^[m[K
[0.965s] In file included from [01m[K/opt/ros/foxy/include/rclcpp/executors/single_threaded_executor.hpp:28[m[K,
[0.965s]                  from [01m[K/opt/ros/foxy/include/rclcpp/executors.hpp:22[m[K,
[0.965s]                  from [01m[K/opt/ros/foxy/include/rclcpp/rclcpp.hpp:146[m[K,
[0.965s]                  from [01m[K/opt/ros/foxy/include/message_filters/subscriber.h:38[m[K,
[0.965s]                  from [01m[K/home/usama/autoronto/coding_test/src/coding_challenge/src/subscriber_member_function.cpp:20[m[K:
[0.965s] [01m[K/opt/ros/foxy/include/rclcpp/node.hpp:184:3:[m[K [01;36m[Knote: [m[Kcandidate: â€˜[01m[Ktemplate<class MessageT, class AllocatorT, class PublisherT> std::shared_ptr<PublisherT> rclcpp::Node::create_publisher(const string&, const rclcpp::QoS&, const rclcpp::PublisherOptionsWithAllocator<AllocatorT>&)[m[Kâ€™
[0.965s]   184 |   [01;36m[Kcreate_publisher[m[K(
[0.966s]       |   [01;36m[K^~~~~~~~~~~~~~~~[m[K
[0.966s] [01m[K/opt/ros/foxy/include/rclcpp/node.hpp:184:3:[m[K [01;36m[Knote: [m[K  template argument deduction/substitution failed:
[0.966s] [01m[K/home/usama/autoronto/coding_test/src/coding_challenge/src/subscriber_member_function.cpp:41:87:[m[K [01;31m[Kerror: [m[Ktemplate argument 1 is invalid
[0.966s]    41 |     publisher_ = this->create_publisher<std_msgs::msg::Int8MultiArray>("/solution", 10[01;31m[K)[m[K;
[0.966s]       |                                                                                       [01;31m[K^[m[K
[0.966s] [01m[K/home/usama/autoronto/coding_test/src/coding_challenge/src/subscriber_member_function.cpp:43:7:[m[K [01;31m[Kerror: [m[Kunable to find numeric literal operator â€˜[01m[Koperator""ms[m[Kâ€™
[0.966s]    43 |       [01;31m[K500ms[m[K, std::bind(&MinimalSubscriber::timer_callback, this));
[0.966s]       |       [01;31m[K^~~~~[m[K
[0.969s] [01m[K/home/usama/autoronto/coding_test/src/coding_challenge/src/subscriber_member_function.cpp:[m[K In member function â€˜[01m[Kvoid MinimalSubscriber::timer_callback()[m[Kâ€™:
[0.969s] [01m[K/home/usama/autoronto/coding_test/src/coding_challenge/src/subscriber_member_function.cpp:57:5:[m[K [01;31m[Kerror: [m[Kâ€˜[01m[Kstd_msgs[m[Kâ€™ has not been declared
[0.969s]    57 |     [01;31m[Kstd_msgs[m[K::msg::Int8MultiArray message;
[0.969s]       |     [01;31m[K^~~~~~~~[m[K
[0.970s] [01m[K/home/usama/autoronto/coding_test/src/coding_challenge/src/subscriber_member_function.cpp:58:5:[m[K [01;31m[Kerror: [m[Kâ€˜[01m[Kmessage[m[Kâ€™ was not declared in this scope
[0.970s]    58 |     [01;31m[Kmessage[m[K.data.clear();
[0.970s]       |     [01;31m[K^~~~~~~[m[K
[0.972s] [01m[K/home/usama/autoronto/coding_test/src/coding_challenge/src/subscriber_member_function.cpp:62:5:[m[K [01;31m[Kerror: [m[Kâ€˜[01m[Kpublisher_[m[Kâ€™ was not declared in this scope; did you mean â€˜[01m[Krcl_publisher_t[m[Kâ€™?
[0.972s]    62 |     [01;31m[Kpublisher_[m[K->publish(message);
[0.972s]       |     [01;31m[K^~~~~~~~~~[m[K
[0.972s]       |     [32m[Krcl_publisher_t[m[K
[1.203s] make[2]: *** [CMakeFiles/listener.dir/build.make:63: CMakeFiles/listener.dir/src/subscriber_member_function.cpp.o] Error 1
[1.203s] make[1]: *** [CMakeFiles/Makefile2:80: CMakeFiles/listener.dir/all] Error 2
[1.203s] make: *** [Makefile:141: all] Error 2
[1.208s] Invoked command in '/home/usama/autoronto/coding_test/build/coding_challenge' returned '2': CMAKE_PREFIX_PATH=/opt/ros/foxy /usr/bin/cmake --build /home/usama/autoronto/coding_test/build/coding_challenge -- -j8 -l8
