[0.022s] Invoking command in '/home/usama/autoronto/coding_test/build/coding_challenge': CMAKE_PREFIX_PATH=/opt/ros/foxy /usr/bin/cmake --build /home/usama/autoronto/coding_test/build/coding_challenge -- -j8 -l8
[0.059s] [35m[1mScanning dependencies of target listener[0m
[0.109s] [ 50%] Built target talker
[0.134s] [ 75%] [32mBuilding CXX object CMakeFiles/listener.dir/src/subscriber_member_function.cpp.o[0m
[1.094s] [01m[K/home/usama/autoronto/coding_test/src/coding_challenge/src/subscriber_member_function.cpp:32:26:[m[K [01;31m[Kerror: [m[KISO C++ forbids declaration of â€˜[01m[KSubscriberAndPublisher[m[Kâ€™ with no type [[01;31m[K-fpermissive[m[K]
[1.095s]    32 |   SubscriberAndPublisher([01;31m[K)[m[K
[1.095s]       |                          [01;31m[K^[m[K
[1.113s] [01m[K/home/usama/autoronto/coding_test/src/coding_challenge/src/subscriber_member_function.cpp:[m[K In member function â€˜[01m[Kint MinimalSubscriber::SubscriberAndPublisher()[m[Kâ€™:
[1.113s] [01m[K/home/usama/autoronto/coding_test/src/coding_challenge/src/subscriber_member_function.cpp:33:5:[m[K [01;31m[Kerror: [m[Konly constructors take member initializers
[1.113s]    33 |   : [01;31m[KNode[m[K("SubscriberAndPublisher")
[1.114s]       |     [01;31m[K^~~~[m[K
[1.127s] [01m[K/home/usama/autoronto/coding_test/src/coding_challenge/src/subscriber_member_function.cpp:45:3:[m[K [01;35m[Kwarning: [m[Kno return statement in function returning non-void [[01;35m[K-Wreturn-type[m[K]
[1.127s]    45 |   [01;35m[K}[m[K
[1.128s]       |   [01;35m[K^[m[K
[1.142s] [01m[K/home/usama/autoronto/coding_test/src/coding_challenge/src/subscriber_member_function.cpp:[m[K In member function â€˜[01m[Kvoid MinimalSubscriber::calc_result()[m[Kâ€™:
[1.142s] [01m[K/home/usama/autoronto/coding_test/src/coding_challenge/src/subscriber_member_function.cpp:92:20:[m[K [01;35m[Kwarning: [m[Kcomparison of integer expressions of different signedness: â€˜[01m[Kint[m[Kâ€™ and â€˜[01m[Kstd::vector<signed char, std::allocator<signed char> >::size_type[m[Kâ€™ {aka â€˜[01m[Klong unsigned int[m[Kâ€™} [[01;35m[K-Wsign-compare[m[K]
[1.143s]    92 |     for(auto i=0; [01;35m[Ki< input.data.size()[m[K; i++){
[1.143s]       |                   [01;35m[K~^~~~~~~~~~~~~~~~~~~[m[K
[1.144s] [01m[K/home/usama/autoronto/coding_test/src/coding_challenge/src/subscriber_member_function.cpp:[m[K In function â€˜[01m[Kint main(int, char**)[m[Kâ€™:
[1.144s] [01m[K/home/usama/autoronto/coding_test/src/coding_challenge/src/subscriber_member_function.cpp:108:33:[m[K [01;31m[Kerror: [m[Kâ€˜[01m[KSubscriberAndPublisher[m[Kâ€™ was not declared in this scope
[1.144s]   108 |   rclcpp::spin(std::make_shared<[01;31m[KSubscriberAndPublisher[m[K>());
[1.144s]       |                                 [01;31m[K^~~~~~~~~~~~~~~~~~~~~~[m[K
[1.144s] [01m[K/home/usama/autoronto/coding_test/src/coding_challenge/src/subscriber_member_function.cpp:108:57:[m[K [01;31m[Kerror: [m[Kno matching function for call to â€˜[01m[Kmake_shared<<expression error> >()[m[Kâ€™
[1.144s]   108 |   rclcpp::spin(std::make_shared<SubscriberAndPublisher>([01;31m[K)[m[K);
[1.145s]       |                                                         [01;31m[K^[m[K
[1.145s] In file included from [01m[K/usr/include/c++/9/memory:81[m[K,
[1.145s]                  from [01m[K/home/usama/autoronto/coding_test/src/coding_challenge/src/subscriber_member_function.cpp:15[m[K:
[1.145s] [01m[K/usr/include/c++/9/bits/shared_ptr.h:714:5:[m[K [01;36m[Knote: [m[Kcandidate: â€˜[01m[Ktemplate<class _Tp, class ... _Args> std::shared_ptr<_Tp> std::make_shared(_Args&& ...)[m[Kâ€™
[1.145s]   714 |     [01;36m[Kmake_shared[m[K(_Args&&... __args)
[1.145s]       |     [01;36m[K^~~~~~~~~~~[m[K
[1.145s] [01m[K/usr/include/c++/9/bits/shared_ptr.h:714:5:[m[K [01;36m[Knote: [m[K  template argument deduction/substitution failed:
[1.145s] [01m[K/home/usama/autoronto/coding_test/src/coding_challenge/src/subscriber_member_function.cpp:108:57:[m[K [01;31m[Kerror: [m[Ktemplate argument 1 is invalid
[1.145s]   108 |   rclcpp::spin(std::make_shared<SubscriberAndPublisher>([01;31m[K)[m[K);
[1.145s]       |                                                         [01;31m[K^[m[K
[2.577s] make[2]: *** [CMakeFiles/listener.dir/build.make:63: CMakeFiles/listener.dir/src/subscriber_member_function.cpp.o] Error 1
[2.578s] make[1]: *** [CMakeFiles/Makefile2:80: CMakeFiles/listener.dir/all] Error 2
[2.578s] make: *** [Makefile:141: all] Error 2
[2.584s] Invoked command in '/home/usama/autoronto/coding_test/build/coding_challenge' returned '2': CMAKE_PREFIX_PATH=/opt/ros/foxy /usr/bin/cmake --build /home/usama/autoronto/coding_test/build/coding_challenge -- -j8 -l8
