[0.033s] Invoking command in '/home/usama/autoronto/coding_test/build/coding_challenge': CMAKE_PREFIX_PATH=/opt/ros/foxy /usr/bin/cmake --build /home/usama/autoronto/coding_test/build/coding_challenge -- -j8 -l8
[0.125s] [35m[1mScanning dependencies of target listener[0m
[0.137s] [ 50%] Built target talker
[0.186s] [ 75%] [32mBuilding CXX object CMakeFiles/listener.dir/src/subscriber_member_function.cpp.o[0m
[1.137s] [01m[K/home/usama/autoronto/coding_test/src/coding_challenge/src/subscriber_member_function.cpp:[m[K In constructor â€˜[01m[KMinimalSubscriber::MinimalSubscriber()[m[Kâ€™:
[1.137s] [01m[K/home/usama/autoronto/coding_test/src/coding_challenge/src/subscriber_member_function.cpp:49:7:[m[K [01;31m[Kerror: [m[Kunable to find numeric literal operator â€˜[01m[Koperator""ms[m[Kâ€™
[1.137s]    49 |       [01;31m[K500ms[m[K, std::bind(&MinimalSubscriber::timer_callback, this));
[1.137s]       |       [01;31m[K^~~~~[m[K
[1.186s] In file included from [01m[K/opt/ros/foxy/include/rclcpp/client.hpp:40[m[K,
[1.187s]                  from [01m[K/opt/ros/foxy/include/rclcpp/callback_group.hpp:23[m[K,
[1.187s]                  from [01m[K/opt/ros/foxy/include/rclcpp/any_executable.hpp:20[m[K,
[1.187s]                  from [01m[K/opt/ros/foxy/include/rclcpp/memory_strategy.hpp:24[m[K,
[1.187s]                  from [01m[K/opt/ros/foxy/include/rclcpp/memory_strategies.hpp:18[m[K,
[1.187s]                  from [01m[K/opt/ros/foxy/include/rclcpp/executor_options.hpp:20[m[K,
[1.187s]                  from [01m[K/opt/ros/foxy/include/rclcpp/executor.hpp:33[m[K,
[1.187s]                  from [01m[K/opt/ros/foxy/include/rclcpp/executors/multi_threaded_executor.hpp:26[m[K,
[1.187s]                  from [01m[K/opt/ros/foxy/include/rclcpp/executors.hpp:21[m[K,
[1.187s]                  from [01m[K/opt/ros/foxy/include/rclcpp/rclcpp.hpp:146[m[K,
[1.187s]                  from [01m[K/opt/ros/foxy/include/message_filters/subscriber.h:38[m[K,
[1.187s]                  from [01m[K/home/usama/autoronto/coding_test/src/coding_challenge/src/subscriber_member_function.cpp:21[m[K:
[1.187s] [01m[K/home/usama/autoronto/coding_test/src/coding_challenge/src/subscriber_member_function.cpp:[m[K In member function â€˜[01m[Kvoid MinimalSubscriber::timer_callback()[m[Kâ€™:
[1.187s] [01m[K/home/usama/autoronto/coding_test/src/coding_challenge/src/subscriber_member_function.cpp:67:70:[m[K [01;31m[Kerror: [m[Kâ€˜[01m[Kusing _data_type = class std::vector<signed char, std::allocator<signed char> >[m[Kâ€™ {aka â€˜[01m[Kclass std::vector<signed char, std::allocator<signed char> >[m[Kâ€™} has no member named â€˜[01m[Kc_str[m[Kâ€™
[1.187s]    67 |     RCLCPP_INFO(this->get_logger(), "Publishing: '%s'", message.data.[01;31m[Kc_str[m[K());
[1.188s]       |                                                                      [01;31m[K^~~~~[m[K
[1.215s] [01m[K/home/usama/autoronto/coding_test/src/coding_challenge/src/subscriber_member_function.cpp:[m[K In member function â€˜[01m[Kvoid MinimalSubscriber::callback(std_msgs::msg::Int8MultiArray, std_msgs::msg::Int8)[m[Kâ€™:
[1.216s] [01m[K/home/usama/autoronto/coding_test/src/coding_challenge/src/subscriber_member_function.cpp:73:5:[m[K [01;31m[Kerror: [m[Kâ€˜[01m[Kunordered_map[m[Kâ€™ was not declared in this scope; did you mean â€˜[01m[Kstd::unordered_map[m[Kâ€™?
[1.216s]    73 |     [01;31m[Kunordered_map[m[K<int,int> map;
[1.216s]       |     [01;31m[K^~~~~~~~~~~~~[m[K
[1.216s]       |     [32m[Kstd::unordered_map[m[K
[1.216s] In file included from [01m[K/usr/include/c++/9/unordered_map:47[m[K,
[1.216s]                  from [01m[K/home/usama/autoronto/coding_test/src/coding_challenge/src/subscriber_member_function.cpp:18[m[K:
[1.216s] [01m[K/usr/include/c++/9/bits/unordered_map.h:102:11:[m[K [01;36m[Knote: [m[Kâ€˜[01m[Kstd::unordered_map[m[Kâ€™ declared here
[1.216s]   102 |     class [01;36m[Kunordered_map[m[K
[1.216s]       |           [01;36m[K^~~~~~~~~~~~~[m[K
[1.216s] [01m[K/home/usama/autoronto/coding_test/src/coding_challenge/src/subscriber_member_function.cpp:73:19:[m[K [01;31m[Kerror: [m[Kexpected primary-expression before â€˜[01m[Kint[m[Kâ€™
[1.216s]    73 |     unordered_map<[01;31m[Kint[m[K,int> map;
[1.216s]       |                   [01;31m[K^~~[m[K
[1.216s] [01m[K/home/usama/autoronto/coding_test/src/coding_challenge/src/subscriber_member_function.cpp:75:41:[m[K [01;31m[Kerror: [m[Kbase operand of â€˜[01m[K->[m[Kâ€™ has non-pointer type â€˜[01m[Kconst Int8MultiArray[m[Kâ€™ {aka â€˜[01m[Kconst std_msgs::msg::Int8MultiArray_<std::allocator<void> >[m[Kâ€™}
[1.216s]    75 |     int8_t array_size = sizeof(array_msg[01;31m[K->[m[Kdata) / sizeof(array_msg->data[0]);
[1.216s]       |                                         [01;31m[K^~[m[K
[1.216s] [01m[K/home/usama/autoronto/coding_test/src/coding_challenge/src/subscriber_member_function.cpp:75:67:[m[K [01;31m[Kerror: [m[Kbase operand of â€˜[01m[K->[m[Kâ€™ has non-pointer type â€˜[01m[Kconst Int8MultiArray[m[Kâ€™ {aka â€˜[01m[Kconst std_msgs::msg::Int8MultiArray_<std::allocator<void> >[m[Kâ€™}
[1.216s]    75 |     int8_t array_size = sizeof(array_msg->data) / sizeof(array_msg[01;31m[K->[m[Kdata[0]);
[1.216s]       |                                                                   [01;31m[K^~[m[K
[1.216s] [01m[K/home/usama/autoronto/coding_test/src/coding_challenge/src/subscriber_member_function.cpp:78:31:[m[K [01;31m[Kerror: [m[Kbase operand of â€˜[01m[K->[m[Kâ€™ has non-pointer type â€˜[01m[Kconst Int8[m[Kâ€™ {aka â€˜[01m[Kconst std_msgs::msg::Int8_<std::allocator<void> >[m[Kâ€™}
[1.216s]    78 |       int8_t temp = target_msg[01;31m[K->[m[Kdata - array_msg->data[i];
[1.216s]       |                               [01;31m[K^~[m[K
[1.216s] [01m[K/home/usama/autoronto/coding_test/src/coding_challenge/src/subscriber_member_function.cpp:78:49:[m[K [01;31m[Kerror: [m[Kbase operand of â€˜[01m[K->[m[Kâ€™ has non-pointer type â€˜[01m[Kconst Int8MultiArray[m[Kâ€™ {aka â€˜[01m[Kconst std_msgs::msg::Int8MultiArray_<std::allocator<void> >[m[Kâ€™}
[1.216s]    78 |       int8_t temp = target_msg->data - array_msg[01;31m[K->[m[Kdata[i];
[1.216s]       |                                                 [01;31m[K^~[m[K
[1.217s] [01m[K/home/usama/autoronto/coding_test/src/coding_challenge/src/subscriber_member_function.cpp:80:10:[m[K [01;31m[Kerror: [m[Kâ€˜[01m[Kmap[m[Kâ€™ was not declared in this scope; did you mean â€˜[01m[Kstd::map[m[Kâ€™?
[1.217s]    80 |       if([01;31m[Kmap[m[K.find(temp) != map.end()){
[1.217s]       |          [01;31m[K^~~[m[K
[1.217s]       |          [32m[Kstd::map[m[K
[1.217s] In file included from [01m[K/usr/include/c++/9/map:61[m[K,
[1.217s]                  from [01m[K/opt/ros/foxy/include/rclcpp/client.hpp:20[m[K,
[1.217s]                  from [01m[K/opt/ros/foxy/include/rclcpp/callback_group.hpp:23[m[K,
[1.217s]                  from [01m[K/opt/ros/foxy/include/rclcpp/any_executable.hpp:20[m[K,
[1.217s]                  from [01m[K/opt/ros/foxy/include/rclcpp/memory_strategy.hpp:24[m[K,
[1.238s]                  from [01m[K/opt/ros/foxy/include/rclcpp/memory_strategies.hpp:18[m[K,
[1.238s]                  from [01m[K/opt/ros/foxy/include/rclcpp/executor_options.hpp:20[m[K,
[1.246s]                  from [01m[K/opt/ros/foxy/include/rclcpp/executor.hpp:33[m[K,
[1.246s]                  from [01m[K/opt/ros/foxy/include/rclcpp/executors/multi_threaded_executor.hpp:26[m[K,
[1.246s]                  from [01m[K/opt/ros/foxy/include/rclcpp/executors.hpp:21[m[K,
[1.246s]                  from [01m[K/opt/ros/foxy/include/rclcpp/rclcpp.hpp:146[m[K,
[1.250s]                  from [01m[K/opt/ros/foxy/include/message_filters/subscriber.h:38[m[K,
[1.250s]                  from [01m[K/home/usama/autoronto/coding_test/src/coding_challenge/src/subscriber_member_function.cpp:21[m[K:
[1.250s] [01m[K/usr/include/c++/9/bits/stl_map.h:100:11:[m[K [01;36m[Knote: [m[Kâ€˜[01m[Kstd::map[m[Kâ€™ declared here
[1.250s]   100 |     class [01;36m[Kmap[m[K
[1.250s]       |           [01;36m[K^~~[m[K
[1.250s] [01m[K/home/usama/autoronto/coding_test/src/coding_challenge/src/subscriber_member_function.cpp:85:7:[m[K [01;31m[Kerror: [m[Kâ€˜[01m[Kmap[m[Kâ€™ was not declared in this scope; did you mean â€˜[01m[Kstd::map[m[Kâ€™?
[1.250s]    85 |       [01;31m[Kmap[m[K[temp] = i;
[1.250s]       |       [01;31m[K^~~[m[K
[1.250s]       |       [32m[Kstd::map[m[K
[1.250s] In file included from [01m[K/usr/include/c++/9/map:61[m[K,
[1.250s]                  from [01m[K/opt/ros/foxy/include/rclcpp/client.hpp:20[m[K,
[1.250s]                  from [01m[K/opt/ros/foxy/include/rclcpp/callback_group.hpp:23[m[K,
[1.251s]                  from [01m[K/opt/ros/foxy/include/rclcpp/any_executable.hpp:20[m[K,
[1.251s]                  from [01m[K/opt/ros/foxy/include/rclcpp/memory_strategy.hpp:24[m[K,
[1.251s]                  from [01m[K/opt/ros/foxy/include/rclcpp/memory_strategies.hpp:18[m[K,
[1.252s]                  from [01m[K/opt/ros/foxy/include/rclcpp/executor_options.hpp:20[m[K,
[1.252s]                  from [01m[K/opt/ros/foxy/include/rclcpp/executor.hpp:33[m[K,
[1.252s]                  from [01m[K/opt/ros/foxy/include/rclcpp/executors/multi_threaded_executor.hpp:26[m[K,
[1.252s]                  from [01m[K/opt/ros/foxy/include/rclcpp/executors.hpp:21[m[K,
[1.252s]                  from [01m[K/opt/ros/foxy/include/rclcpp/rclcpp.hpp:146[m[K,
[1.252s]                  from [01m[K/opt/ros/foxy/include/message_filters/subscriber.h:38[m[K,
[1.252s]                  from [01m[K/home/usama/autoronto/coding_test/src/coding_challenge/src/subscriber_member_function.cpp:21[m[K:
[1.252s] [01m[K/usr/include/c++/9/bits/stl_map.h:100:11:[m[K [01;36m[Knote: [m[Kâ€˜[01m[Kstd::map[m[Kâ€™ declared here
[1.252s]   100 |     class [01;36m[Kmap[m[K
[1.252s]       |           [01;36m[K^~~[m[K
[3.500s] make[2]: *** [CMakeFiles/listener.dir/build.make:63: CMakeFiles/listener.dir/src/subscriber_member_function.cpp.o] Error 1
[3.500s] make[1]: *** [CMakeFiles/Makefile2:80: CMakeFiles/listener.dir/all] Error 2
[3.500s] make: *** [Makefile:141: all] Error 2
[3.522s] Invoked command in '/home/usama/autoronto/coding_test/build/coding_challenge' returned '2': CMAKE_PREFIX_PATH=/opt/ros/foxy /usr/bin/cmake --build /home/usama/autoronto/coding_test/build/coding_challenge -- -j8 -l8
